[2025-02-14T17:04:42.666Z] [INFO] [fetchData] 🚀 开始数据抓取...
[2025-02-14T17:04:42.671Z] [INFO] [fetchData] 📅 处理日期: 2025-02-11
[2025-02-14T17:04:43.599Z] [INFO] [✅ API 请求成功: https://api.jiejiariapi.com/v1/holidays/2025] undefined
[2025-02-14T17:04:43.781Z] [INFO] [✅ API 请求成功: https://api.timelessq.com/time] undefined
[2025-02-14T17:04:43.797Z] [INFO] [✅ API 请求成功: https://api.timelessq.com/time/astro] undefined
[2025-02-14T17:04:44.066Z] [INFO] [✅ API 请求成功: https://api.timelessq.com/time/shichen] undefined
[2025-02-14T17:04:44.075Z] [INFO] [✅ API 请求成功: https://api.timelessq.com/time/jieqi] undefined
[2025-02-14T17:04:44.075Z] [INFO] [calendar.json] 扁平化后的日历数据: {
  "2025-02-11": {
    "Reconstruction": [
      {
        "errno": 0,
        "errmsg": "",
        "data": {
          "year": 2025,
          "leapYear": false,
          "month": 2,
          "maxDayInMonth": 28,
          "enMonth": "February",
          "astro": "水瓶座",
          "cnWeek": "星期二",
          "enWeek": "Tuesday",
          "weekInYear": 7,
          "day": 11,
          "dayInYear": 42,
          "julianDay": 2460717.8333333335,
          "hour": 8,
          "minute": 0,
          "second": 0,
          "festivals": [],
          "lunar": {
            "zodiac": "蛇",
            "year": 2025,
            "month": 1,
            "day": 14,
            "cnYear": "二零二五",
            "cnMonth": "正月",
            "cnDay": "十四",
            "cyclicalYear": "乙巳",
            "cyclicalMonth": "戊寅",
            "cyclicalDay": "辛亥",
            "hour": "辰时",
            "maxDayInMonth": 30,
            "leapMonth": 6,
            "yuexiang": "小望",
            "wuhou": "蛰虫始振",
            "shujiu": "六九",
            "sanfu": "",
            "solarTerms": {}
          },
          "almanac": {
            "yi": "移徙 祭祀 开光 祈福 出行 解除 进人口 雇庸 安床 动土 起基 上梁 安门 解除",
            "ji": "嫁娶 安葬 破土 作梁 纳畜 牧养 行丧 作灶",
            "chong": "生肖冲(乙巳)蛇",
            "sha": "煞西",
            "nayin": "钗钏金",
            "shiershen": "收神",
            "xingxiu": "尾宿",
            "zheng": "火",
            "shou": "青龙",
            "pengzubaiji": [
              "辛不合酱主人不尝",
              "亥不嫁娶不利新郎"
            ],
            "jishenfangwei": {
              "xi": "坤-西南",
              "yanggui": "艮-东北",
              "yingui": "离-正南",
              "fu": "乾-西北",
              "cai": "震-正东"
            },
            "liuyao": "友引",
            "jiuxing": "三碧木天玑",
            "taisui": "巽-东南"
          }
        }
      }
    ]
  }
}
[2025-02-14T17:04:44.075Z] [INFO] [astro.json] 扁平化后的星座数据: {
  "2025-02-11": {
    "Reconstruction": [
      {
        "errno": 0,
        "errmsg": "",
        "data": {
          "name": "水瓶座",
          "range": "1.20-2.18",
          "zxtd": "自由博爱",
          "sssx": "风",
          "zggw": "第十一宫",
          "yysx": "阳性",
          "zdtz": "求知",
          "zgxx": "天王星",
          "xyys": "古铜色",
          "jssw": "黑珍珠",
          "xyhm": "22",
          "kyjs": "蛋白石",
          "bx": "创新、时尚",
          "yd": "求新求变，好奇心强，博爱，有远见",
          "qd": "多变，叛逆，倔强，自我中心",
          "jbtz": "太阳位于水瓶座的人，极富革新精神，具有独特的个性，有着超前的思想，是新思想的开拓者。聪颖脱俗，常有奇异的想法，不按牌理出牌。",
          "jttz": "水瓶座是黄道宫上的第十一个星座，主宰星为天王星，思想前卫，有开拓精神。太阳落在水瓶座的你，是一个反习俗、不愿随声附和的人，说话和做事全凭自己的兴趣，很有自己的主张，追求独一无二的生活方式，物质享受与精神充实一样重要。个性友善博爱、有创意和远见，善于观察分析。好奇心强，但会用理智分析，常常把强烈的愿望和独立精神融合在一起。喜欢自由自在的生活，随心所欲地思考并做出决定。",
          "xsfg": "你很有才华，喜欢创意，不喜欢一成不变的工作，重视逻辑思考的过程，在工作上常常有许多点子，也很喜欢做规划，但对结果却不太在意；在工作上也喜欢与大家分工合作，你动脑策划他人出力。",
          "gxmd": "你需要注意的是，有时太过于执着，因而显得有点固执，容易以自我为中心；喜欢创新、体现与众不同，也容易夸大问题；太讲求客观，易给人冷漠无情的印象。",
          "zj": "水瓶座的人很聪明，他们最大的特点是创新，追求独一无二的生活，个人主义色彩很浓重的星座。他们对人友善又注重隐私。水瓶座绝对算得上是”友谊之星“，他喜欢结交每一类朋友，但是确很难与他们交心，那需要很长的时间。他们对自己的家人就显得冷淡和疏远很多了。"
        }
      }
    ]
  }
}
[2025-02-14T17:04:44.076Z] [INFO] [shichen.json] 扁平化后的时辰数据: {
  "2025-02-11": {
    "Reconstruction": [
      {
        "errno": 0,
        "errmsg": "",
        "data": [
          {
            "date": "2025-2-11",
            "hours": "23:00-00:59",
            "hour": "子时",
            "yi": "祭祀 祈福 出行 订婚 嫁娶 入宅 修造 盖屋 安葬 作灶",
            "ji": "无",
            "chong": "生肖冲(壬午)马",
            "sha": "煞南",
            "nayin": "霹雳火",
            "jiuxing": "七赤金摇光"
          },
          {
            "date": "2025-2-11",
            "hours": "01:00-02:59",
            "hour": "丑时",
            "yi": "祈福 求嗣 订婚 嫁娶 求财 开市 交易 安床 祭祀",
            "ji": "赴任 出行",
            "chong": "生肖冲(癸未)羊",
            "sha": "煞东",
            "nayin": "霹雳火",
            "jiuxing": "八白土洞明"
          },
          {
            "date": "2025-2-11",
            "hours": "03:00-04:59",
            "hour": "寅时",
            "yi": "祈福 求嗣 订婚 嫁娶 出行 求财 开市 交易 安床 赴任 见贵",
            "ji": "修造 动土",
            "chong": "生肖冲(甲申)猴",
            "sha": "煞北",
            "nayin": "松柏木",
            "jiuxing": "九紫火隐元"
          },
          {
            "date": "2025-2-11",
            "hours": "05:00-06:59",
            "hour": "卯时",
            "yi": "无",
            "ji": "诸事不宜",
            "chong": "生肖冲(乙酉)鸡",
            "sha": "煞西",
            "nayin": "松柏木",
            "jiuxing": "一白水天枢"
          },
          {
            "date": "2025-2-11",
            "hours": "07:00-08:59",
            "hour": "辰时",
            "yi": "订婚 嫁娶 出行 求财 开市 交易 安床",
            "ji": "赴任 词讼 祈福 求嗣 乘船",
            "chong": "生肖冲(丙戌)狗",
            "sha": "煞南",
            "nayin": "长流水",
            "jiuxing": "二黒土天璇"
          },
          {
            "date": "2025-2-11",
            "hours": "09:00-10:59",
            "hour": "巳时",
            "yi": "祈福 求嗣 订婚 嫁娶 出行 求财 开市 交易 安床",
            "ji": "开光 修造 安葬",
            "chong": "生肖冲(丁亥)猪",
            "sha": "煞东",
            "nayin": "长流水",
            "jiuxing": "三碧木天玑"
          },
          {
            "date": "2025-2-11",
            "hours": "11:00-12:59",
            "hour": "午时",
            "yi": "祈福 订婚 嫁娶 开市 安葬 赴任 出行 求财 见贵",
            "ji": "修造 动土",
            "chong": "生肖冲(戊子)鼠",
            "sha": "煞北",
            "nayin": "沙中金",
            "jiuxing": "四绿木天权"
          },
          {
            "date": "2025-2-11",
            "hours": "13:00-14:59",
            "hour": "未时",
            "yi": "祭祀 祈福 酬神 订婚 嫁娶 出行 求财 入宅 安葬",
            "ji": "无",
            "chong": "生肖冲(己丑)牛",
            "sha": "煞西",
            "nayin": "沙中金",
            "jiuxing": "五黄土玉衡"
          },
          {
            "date": "2025-2-11",
            "hours": "15:00-16:59",
            "hour": "申时",
            "yi": "出行 求财 见贵 订婚 嫁娶 修造 安葬",
            "ji": "祭祀 祈福 斋醮 酬神",
            "chong": "生肖冲(庚寅)虎",
            "sha": "煞南",
            "nayin": "山下火",
            "jiuxing": "六白金开阳"
          },
          {
            "date": "2025-2-11",
            "hours": "17:00-18:59",
            "hour": "酉时",
            "yi": "求嗣 嫁娶 移徙 入宅 开市 交易 修造 安葬",
            "ji": "祭祀 祈福 斋醮 酬神",
            "chong": "生肖冲(辛卯)兔",
            "sha": "煞东",
            "nayin": "山下火",
            "jiuxing": "七赤金摇光"
          },
          {
            "date": "2025-2-11",
            "hours": "19:00-20:59",
            "hour": "戌时",
            "yi": "见贵 求财 嫁娶 进人口 移徙 安葬",
            "ji": "赴任 出行",
            "chong": "生肖冲(壬辰)龙",
            "sha": "煞北",
            "nayin": "平地木",
            "jiuxing": "八白土洞明"
          },
          {
            "date": "2025-2-11",
            "hours": "21:00-22:59",
            "hour": "亥时",
            "yi": "见贵 求财 嫁娶 进人口 移徙 安葬",
            "ji": "赴任 出行",
            "chong": "生肖冲(癸巳)蛇",
            "sha": "煞西",
            "nayin": "平地木",
            "jiuxing": "九紫火隐元"
          }
        ]
      }
    ]
  }
}
[2025-02-14T17:04:44.076Z] [INFO] [jieqi.json] 扁平化后的节气数据: {
  "2025-02-11": {
    "Reconstruction": [
      {
        "errno": 0,
        "errmsg": "",
        "data": [
          {
            "name": "大雪",
            "time": "2024-12-06 23:16:47"
          },
          {
            "name": "冬至",
            "time": "2024-12-21 17:20:20"
          },
          {
            "name": "小寒",
            "time": "2025-01-05 10:32:31"
          },
          {
            "name": "大寒",
            "time": "2025-01-20 03:59:52"
          },
          {
            "name": "立春",
            "time": "2025-02-03 22:10:13"
          },
          {
            "name": "雨水",
            "time": "2025-02-18 18:06:18"
          },
          {
            "name": "惊蛰",
            "time": "2025-03-05 16:07:02"
          },
          {
            "name": "春分",
            "time": "2025-03-20 17:01:14"
          },
          {
            "name": "清明",
            "time": "2025-04-04 20:48:21"
          },
          {
            "name": "谷雨",
            "time": "2025-04-20 03:55:45"
          },
          {
            "name": "立夏",
            "time": "2025-05-05 13:56:57"
          },
          {
            "name": "小满",
            "time": "2025-05-21 02:54:23"
          },
          {
            "name": "芒种",
            "time": "2025-06-05 17:56:16"
          },
          {
            "name": "夏至",
            "time": "2025-06-21 10:42:00"
          },
          {
            "name": "小暑",
            "time": "2025-07-07 04:04:43"
          },
          {
            "name": "大暑",
            "time": "2025-07-22 21:29:11"
          },
          {
            "name": "立秋",
            "time": "2025-08-07 13:51:19"
          },
          {
            "name": "处暑",
            "time": "2025-08-23 04:33:35"
          },
          {
            "name": "白露",
            "time": "2025-09-07 16:51:41"
          },
          {
            "name": "秋分",
            "time": "2025-09-23 02:19:04"
          },
          {
            "name": "寒露",
            "time": "2025-10-08 08:40:57"
          },
          {
            "name": "霜降",
            "time": "2025-10-23 11:50:39"
          },
          {
            "name": "立冬",
            "time": "2025-11-07 12:03:48"
          },
          {
            "name": "小雪",
            "time": "2025-11-22 09:35:18"
          },
          {
            "name": "大雪",
            "time": "2025-12-07 05:04:20"
          },
          {
            "name": "冬至",
            "time": "2025-12-21 23:02:48"
          },
          {
            "name": "小寒",
            "time": "2026-01-05 16:22:53"
          },
          {
            "name": "大寒",
            "time": "2026-01-20 09:44:39"
          },
          {
            "name": "LI_CHUN",
            "time": "2026-02-04 04:01:51"
          },
          {
            "name": "YU_SHUI",
            "time": "2026-02-18 23:51:39"
          },
          {
            "name": "JING_ZHE",
            "time": "2026-03-05 21:58:43"
          }
        ]
      }
    ]
  }
}
[2025-02-14T17:04:44.077Z] [INFO] [holidays.json] 扁平化后的节假日数据: {
  "2025-02-11": {
    "Reconstruction": [
      {}
    ]
  }
}
[2025-02-14T17:04:44.077Z] [INFO] [saveYearlyData] 接收参数: jieqi.json, 2025-02-15, [object Object]
[2025-02-14T17:04:44.078Z] [DEBUG] [saveYearlyData] 现有数据: {}
[2025-02-14T17:04:44.078Z] [INFO] [saveYearlyData] ✅ jieqi.json 数据更新成功
[2025-02-14T17:04:44.079Z] [INFO] [saveYearlyData] 接收参数: holidays.json, 2025-02-15, [object Object]
[2025-02-14T17:04:44.079Z] [DEBUG] [saveYearlyData] 现有数据: {}
[2025-02-14T17:04:44.080Z] [INFO] [saveYearlyData] ✅ holidays.json 数据更新成功
[2025-02-14T17:04:44.080Z] [INFO] [saveYearlyData] 接收参数: calendar.json, 2025-02-15, [object Object]
[2025-02-14T17:04:44.080Z] [DEBUG] [saveYearlyData] 现有数据: {}
[2025-02-14T17:04:44.081Z] [INFO] [saveYearlyData] ✅ calendar.json 数据更新成功
[2025-02-14T17:04:44.081Z] [INFO] [saveYearlyData] 接收参数: astro.json, 2025-02-15, [object Object]
[2025-02-14T17:04:44.082Z] [DEBUG] [saveYearlyData] 现有数据: {}
[2025-02-14T17:04:44.082Z] [INFO] [saveYearlyData] ✅ astro.json 数据更新成功
[2025-02-14T17:04:44.082Z] [INFO] [saveYearlyData] 接收参数: shichen.json, 2025-02-15, [object Object]
[2025-02-14T17:04:44.083Z] [DEBUG] [saveYearlyData] 现有数据: {}
[2025-02-14T17:04:44.083Z] [INFO] [saveYearlyData] ✅ shichen.json 数据更新成功
[2025-02-14T17:04:44.084Z] [INFO] [fetchData] ✅ 2025-02-11 数据保存成功
[2025-02-14T17:04:44.084Z] [INFO] [fetchData] 📅 处理日期: 2025-02-12
[2025-02-14T17:04:44.199Z] [INFO] [✅ API 请求成功: https://api.jiejiariapi.com/v1/holidays/2025] undefined
[2025-02-14T17:04:44.331Z] [INFO] [✅ API 请求成功: https://api.timelessq.com/time/astro] undefined
[2025-02-14T17:04:44.332Z] [INFO] [✅ API 请求成功: https://api.timelessq.com/time/shichen] undefined
[2025-02-14T17:04:44.339Z] [INFO] [✅ API 请求成功: https://api.timelessq.com/time] undefined
[2025-02-14T17:04:45.703Z] [INFO] [✅ API 请求成功: https://api.timelessq.com/time/jieqi] undefined
[2025-02-14T17:04:45.703Z] [INFO] [calendar.json] 扁平化后的日历数据: {
  "2025-02-12": {
    "Reconstruction": [
      {
        "errno": 0,
        "errmsg": "",
        "data": {
          "year": 2025,
          "leapYear": false,
          "month": 2,
          "maxDayInMonth": 28,
          "enMonth": "February",
          "astro": "水瓶座",
          "cnWeek": "星期三",
          "enWeek": "Wednesday",
          "weekInYear": 7,
          "day": 12,
          "dayInYear": 43,
          "julianDay": 2460718.8333333335,
          "hour": 8,
          "minute": 0,
          "second": 0,
          "festivals": [
            "元宵节"
          ],
          "lunar": {
            "zodiac": "蛇",
            "year": 2025,
            "month": 1,
            "day": 15,
            "cnYear": "二零二五",
            "cnMonth": "正月",
            "cnDay": "十五",
            "cyclicalYear": "乙巳",
            "cyclicalMonth": "戊寅",
            "cyclicalDay": "壬子",
            "hour": "辰时",
            "maxDayInMonth": 30,
            "leapMonth": 6,
            "yuexiang": "望",
            "wuhou": "蛰虫始振",
            "shujiu": "六九",
            "sanfu": "",
            "solarTerms": {}
          },
          "almanac": {
            "yi": "嫁娶 开光 祈福 求嗣 解除 动土 安床 栽种 开池 掘井 祭祀 破土 启钻",
            "ji": "入宅 作灶 伐木 安葬 出火 出行 纳畜",
            "chong": "生肖冲(丙午)马",
            "sha": "煞南",
            "nayin": "桑柘木",
            "shiershen": "开神",
            "xingxiu": "箕宿",
            "zheng": "水",
            "shou": "青龙",
            "pengzubaiji": [
              "壬不泱水更难提防",
              "子不问卜自惹祸殃"
            ],
            "jishenfangwei": {
              "xi": "离-正南",
              "yanggui": "震-正东",
              "yingui": "巽-东南",
              "fu": "巽-东南",
              "cai": "离-正南"
            },
            "liuyao": "先负",
            "jiuxing": "四绿木天权",
            "taisui": "坎-正北"
          }
        }
      }
    ]
  }
}
[2025-02-14T17:04:45.703Z] [INFO] [astro.json] 扁平化后的星座数据: {
  "2025-02-12": {
    "Reconstruction": [
      {
        "errno": 0,
        "errmsg": "",
        "data": {
          "name": "水瓶座",
          "range": "1.20-2.18",
          "zxtd": "自由博爱",
          "sssx": "风",
          "zggw": "第十一宫",
          "yysx": "阳性",
          "zdtz": "求知",
          "zgxx": "天王星",
          "xyys": "古铜色",
          "jssw": "黑珍珠",
          "xyhm": "22",
          "kyjs": "蛋白石",
          "bx": "创新、时尚",
          "yd": "求新求变，好奇心强，博爱，有远见",
          "qd": "多变，叛逆，倔强，自我中心",
          "jbtz": "太阳位于水瓶座的人，极富革新精神，具有独特的个性，有着超前的思想，是新思想的开拓者。聪颖脱俗，常有奇异的想法，不按牌理出牌。",
          "jttz": "水瓶座是黄道宫上的第十一个星座，主宰星为天王星，思想前卫，有开拓精神。太阳落在水瓶座的你，是一个反习俗、不愿随声附和的人，说话和做事全凭自己的兴趣，很有自己的主张，追求独一无二的生活方式，物质享受与精神充实一样重要。个性友善博爱、有创意和远见，善于观察分析。好奇心强，但会用理智分析，常常把强烈的愿望和独立精神融合在一起。喜欢自由自在的生活，随心所欲地思考并做出决定。",
          "xsfg": "你很有才华，喜欢创意，不喜欢一成不变的工作，重视逻辑思考的过程，在工作上常常有许多点子，也很喜欢做规划，但对结果却不太在意；在工作上也喜欢与大家分工合作，你动脑策划他人出力。",
          "gxmd": "你需要注意的是，有时太过于执着，因而显得有点固执，容易以自我为中心；喜欢创新、体现与众不同，也容易夸大问题；太讲求客观，易给人冷漠无情的印象。",
          "zj": "水瓶座的人很聪明，他们最大的特点是创新，追求独一无二的生活，个人主义色彩很浓重的星座。他们对人友善又注重隐私。水瓶座绝对算得上是”友谊之星“，他喜欢结交每一类朋友，但是确很难与他们交心，那需要很长的时间。他们对自己的家人就显得冷淡和疏远很多了。"
        }
      }
    ]
  }
}
[2025-02-14T17:04:45.704Z] [INFO] [shichen.json] 扁平化后的时辰数据: {
  "2025-02-12": {
    "Reconstruction": [
      {
        "errno": 0,
        "errmsg": "",
        "data": [
          {
            "date": "2025-2-12",
            "hours": "23:00-00:59",
            "hour": "子时",
            "yi": "求嗣 嫁娶 移徙 入宅 开市 交易 安葬 祈福 订婚",
            "ji": "造船 乘船 修造 动土",
            "chong": "生肖冲(甲午)马",
            "sha": "煞南",
            "nayin": "壁上土",
            "jiuxing": "一白水天枢"
          },
          {
            "date": "2025-2-12",
            "hours": "01:00-02:59",
            "hour": "丑时",
            "yi": "祈福 求嗣 订婚 嫁娶 出行 求财 开市 交易 安床 祭祀",
            "ji": "无",
            "chong": "生肖冲(乙未)羊",
            "sha": "煞东",
            "nayin": "壁上土",
            "jiuxing": "二黒土天璇"
          },
          {
            "date": "2025-2-12",
            "hours": "03:00-04:59",
            "hour": "寅时",
            "yi": "无",
            "ji": "祭祀 祈福 斋醮 开光 赴任 出行",
            "chong": "生肖冲(丙申)猴",
            "sha": "煞北",
            "nayin": "金箔金",
            "jiuxing": "三碧木天玑"
          },
          {
            "date": "2025-2-12",
            "hours": "05:00-06:59",
            "hour": "卯时",
            "yi": "求嗣 求财 嫁娶 安葬 修造 盖屋 移徙 安床 入宅 开市 开仓",
            "ji": "祭祀 祈福 斋醮 开光 赴任 出行",
            "chong": "生肖冲(丁酉)鸡",
            "sha": "煞西",
            "nayin": "金箔金",
            "jiuxing": "四绿木天权"
          },
          {
            "date": "2025-2-12",
            "hours": "07:00-08:59",
            "hour": "辰时",
            "yi": "祈福 求嗣 订婚 嫁娶 求财 开市 交易 安床 祭祀",
            "ji": "赴任 修造 移徙 出行 词讼",
            "chong": "生肖冲(戊戌)狗",
            "sha": "煞南",
            "nayin": "覆灯火",
            "jiuxing": "五黄土玉衡"
          },
          {
            "date": "2025-2-12",
            "hours": "09:00-10:59",
            "hour": "巳时",
            "yi": "求嗣 求财 嫁娶 安葬",
            "ji": "祭祀 祈福 斋醮 酬神 赴任 出行 修造 动土",
            "chong": "生肖冲(己亥)猪",
            "sha": "煞东",
            "nayin": "覆灯火",
            "jiuxing": "六白金开阳"
          },
          {
            "date": "2025-2-12",
            "hours": "11:00-12:59",
            "hour": "午时",
            "yi": "无",
            "ji": "诸事不宜",
            "chong": "生肖冲(庚子)鼠",
            "sha": "煞北",
            "nayin": "天河水",
            "jiuxing": "七赤金摇光"
          },
          {
            "date": "2025-2-12",
            "hours": "13:00-14:59",
            "hour": "未时",
            "yi": "修造 入宅 安葬 求财 见贵 嫁娶 进人口 移徙",
            "ji": "赴任 出行",
            "chong": "生肖冲(辛丑)牛",
            "sha": "煞西",
            "nayin": "天河水",
            "jiuxing": "八白土洞明"
          },
          {
            "date": "2025-2-12",
            "hours": "15:00-16:59",
            "hour": "申时",
            "yi": "订婚 嫁娶 出行 求财 开市 交易 安床",
            "ji": "祈福 求嗣",
            "chong": "生肖冲(壬寅)虎",
            "sha": "煞南",
            "nayin": "大驿土",
            "jiuxing": "九紫火隐元"
          },
          {
            "date": "2025-2-12",
            "hours": "17:00-18:59",
            "hour": "酉时",
            "yi": "修造 盖屋 移徙 作灶 安床 入宅 开市 祈福 求嗣 订婚 嫁娶 赴任 出行 求财",
            "ji": "无",
            "chong": "生肖冲(癸卯)兔",
            "sha": "煞东",
            "nayin": "大驿土",
            "jiuxing": "一白水天枢"
          },
          {
            "date": "2025-2-12",
            "hours": "19:00-20:59",
            "hour": "戌时",
            "yi": "见贵 求财 出行 嫁娶 进人口 移徙 安葬",
            "ji": "修造 动土 赴任 词讼",
            "chong": "生肖冲(甲辰)龙",
            "sha": "煞北",
            "nayin": "钗钏金",
            "jiuxing": "二黒土天璇"
          },
          {
            "date": "2025-2-12",
            "hours": "21:00-22:59",
            "hour": "亥时",
            "yi": "赴任 出行 求财 见贵 订婚 嫁娶 入宅 开市 安葬",
            "ji": "祭祀 祈福 斋醮 酬神",
            "chong": "生肖冲(乙巳)蛇",
            "sha": "煞西",
            "nayin": "钗钏金",
            "jiuxing": "三碧木天玑"
          }
        ]
      }
    ]
  }
}
[2025-02-14T17:04:45.704Z] [INFO] [jieqi.json] 扁平化后的节气数据: {
  "2025-02-12": {
    "Reconstruction": [
      {
        "errno": 0,
        "errmsg": "",
        "data": [
          {
            "name": "大雪",
            "time": "2024-12-06 23:16:47"
          },
          {
            "name": "冬至",
            "time": "2024-12-21 17:20:20"
          },
          {
            "name": "小寒",
            "time": "2025-01-05 10:32:31"
          },
          {
            "name": "大寒",
            "time": "2025-01-20 03:59:52"
          },
          {
            "name": "立春",
            "time": "2025-02-03 22:10:13"
          },
          {
            "name": "雨水",
            "time": "2025-02-18 18:06:18"
          },
          {
            "name": "惊蛰",
            "time": "2025-03-05 16:07:02"
          },
          {
            "name": "春分",
            "time": "2025-03-20 17:01:14"
          },
          {
            "name": "清明",
            "time": "2025-04-04 20:48:21"
          },
          {
            "name": "谷雨",
            "time": "2025-04-20 03:55:45"
          },
          {
            "name": "立夏",
            "time": "2025-05-05 13:56:57"
          },
          {
            "name": "小满",
            "time": "2025-05-21 02:54:23"
          },
          {
            "name": "芒种",
            "time": "2025-06-05 17:56:16"
          },
          {
            "name": "夏至",
            "time": "2025-06-21 10:42:00"
          },
          {
            "name": "小暑",
            "time": "2025-07-07 04:04:43"
          },
          {
            "name": "大暑",
            "time": "2025-07-22 21:29:11"
          },
          {
            "name": "立秋",
            "time": "2025-08-07 13:51:19"
          },
          {
            "name": "处暑",
            "time": "2025-08-23 04:33:35"
          },
          {
            "name": "白露",
            "time": "2025-09-07 16:51:41"
          },
          {
            "name": "秋分",
            "time": "2025-09-23 02:19:04"
          },
          {
            "name": "寒露",
            "time": "2025-10-08 08:40:57"
          },
          {
            "name": "霜降",
            "time": "2025-10-23 11:50:39"
          },
          {
            "name": "立冬",
            "time": "2025-11-07 12:03:48"
          },
          {
            "name": "小雪",
            "time": "2025-11-22 09:35:18"
          },
          {
            "name": "大雪",
            "time": "2025-12-07 05:04:20"
          },
          {
            "name": "冬至",
            "time": "2025-12-21 23:02:48"
          },
          {
            "name": "小寒",
            "time": "2026-01-05 16:22:53"
          },
          {
            "name": "大寒",
            "time": "2026-01-20 09:44:39"
          },
          {
            "name": "LI_CHUN",
            "time": "2026-02-04 04:01:51"
          },
          {
            "name": "YU_SHUI",
            "time": "2026-02-18 23:51:39"
          },
          {
            "name": "JING_ZHE",
            "time": "2026-03-05 21:58:43"
          }
        ]
      }
    ]
  }
}
[2025-02-14T17:04:45.704Z] [INFO] [holidays.json] 扁平化后的节假日数据: {
  "2025-02-12": {
    "Reconstruction": [
      {}
    ]
  }
}
[2025-02-14T17:04:45.705Z] [INFO] [saveYearlyData] 接收参数: jieqi.json, 2025-02-15, [object Object]
[2025-02-14T17:04:45.705Z] [DEBUG] [saveYearlyData] 现有数据: {"2025-02-15":{"Reconstruction":[{"2025-02-11":{"Reconstruction":[{"errno":0,"errmsg":"","data":[{"name":"大雪","time":"2024-12-06 23:16:47"},{"name":"冬至","time":"2024-12-21 17:20:20"},{"name":"小寒","time":"2025-01-05 10:32:31"},{"name":"大寒","time":"2025-01-20 03:59:52"},{"name":"立春","time":"2025-02-03 22:10:13"},{"name":"雨水","time":"2025-02-18 18:06:18"},{"name":"惊蛰","time":"2025-03-05 16:07:02"},{"name":"春分","time":"2025-03-20 17:01:14"},{"name":"清明","time":"2025-04-04 20:48:21"},{"name":"谷雨","time":"2025-04-20 03:55:45"},{"name":"立夏","time":"2025-05-05 13:56:57"},{"name":"小满","time":"2025-05-21 02:54:23"},{"name":"芒种","time":"2025-06-05 17:56:16"},{"name":"夏至","time":"2025-06-21 10:42:00"},{"name":"小暑","time":"2025-07-07 04:04:43"},{"name":"大暑","time":"2025-07-22 21:29:11"},{"name":"立秋","time":"2025-08-07 13:51:19"},{"name":"处暑","time":"2025-08-23 04:33:35"},{"name":"白露","time":"2025-09-07 16:51:41"},{"name":"秋分","time":"2025-09-23 02:19:04"},{"name":"寒露","time":"2025-10-08 08:40:57"},{"name":"霜降","time":"2025-10-23 11:50:39"},{"name":"立冬","time":"2025-11-07 12:03:48"},{"name":"小雪","time":"2025-11-22 09:35:18"},{"name":"大雪","time":"2025-12-07 05:04:20"},{"name":"冬至","time":"2025-12-21 23:02:48"},{"name":"小寒","time":"2026-01-05 16:22:53"},{"name":"大寒","time":"2026-01-20 09:44:39"},{"name":"LI_CHUN","time":"2026-02-04 04:01:51"},{"name":"YU_SHUI","time":"2026-02-18 23:51:39"},{"name":"JING_ZHE","time":"2026-03-05 21:58:43"}]}]}}]}}
[2025-02-14T17:04:45.706Z] [INFO] [saveYearlyData] ✅ jieqi.json 数据更新成功
[2025-02-14T17:04:45.706Z] [INFO] [saveYearlyData] 接收参数: holidays.json, 2025-02-15, [object Object]
[2025-02-14T17:04:45.706Z] [DEBUG] [saveYearlyData] 现有数据: {"2025-02-15":{"Reconstruction":[{"2025-02-11":{"Reconstruction":[{}]}}]}}
[2025-02-14T17:04:45.707Z] [INFO] [saveYearlyData] ✅ holidays.json 数据更新成功
[2025-02-14T17:04:45.707Z] [INFO] [saveYearlyData] 接收参数: calendar.json, 2025-02-15, [object Object]
[2025-02-14T17:04:45.708Z] [DEBUG] [saveYearlyData] 现有数据: {"2025-02-15":{"Reconstruction":[{"2025-02-11":{"Reconstruction":[{"errno":0,"errmsg":"","data":{"year":2025,"leapYear":false,"month":2,"maxDayInMonth":28,"enMonth":"February","astro":"水瓶座","cnWeek":"星期二","enWeek":"Tuesday","weekInYear":7,"day":11,"dayInYear":42,"julianDay":2460717.8333333335,"hour":8,"minute":0,"second":0,"festivals":[],"lunar":{"zodiac":"蛇","year":2025,"month":1,"day":14,"cnYear":"二零二五","cnMonth":"正月","cnDay":"十四","cyclicalYear":"乙巳","cyclicalMonth":"戊寅","cyclicalDay":"辛亥","hour":"辰时","maxDayInMonth":30,"leapMonth":6,"yuexiang":"小望","wuhou":"蛰虫始振","shujiu":"六九","sanfu":"","solarTerms":{}},"almanac":{"yi":"移徙 祭祀 开光 祈福 出行 解除 进人口 雇庸 安床 动土 起基 上梁 安门 解除","ji":"嫁娶 安葬 破土 作梁 纳畜 牧养 行丧 作灶","chong":"生肖冲(乙巳)蛇","sha":"煞西","nayin":"钗钏金","shiershen":"收神","xingxiu":"尾宿","zheng":"火","shou":"青龙","pengzubaiji":["辛不合酱主人不尝","亥不嫁娶不利新郎"],"jishenfangwei":{"xi":"坤-西南","yanggui":"艮-东北","yingui":"离-正南","fu":"乾-西北","cai":"震-正东"},"liuyao":"友引","jiuxing":"三碧木天玑","taisui":"巽-东南"}}}]}}]}}
[2025-02-14T17:04:45.708Z] [INFO] [saveYearlyData] ✅ calendar.json 数据更新成功
[2025-02-14T17:04:45.708Z] [INFO] [saveYearlyData] 接收参数: astro.json, 2025-02-15, [object Object]
[2025-02-14T17:04:45.709Z] [DEBUG] [saveYearlyData] 现有数据: {"2025-02-15":{"Reconstruction":[{"2025-02-11":{"Reconstruction":[{"errno":0,"errmsg":"","data":{"name":"水瓶座","range":"1.20-2.18","zxtd":"自由博爱","sssx":"风","zggw":"第十一宫","yysx":"阳性","zdtz":"求知","zgxx":"天王星","xyys":"古铜色","jssw":"黑珍珠","xyhm":"22","kyjs":"蛋白石","bx":"创新、时尚","yd":"求新求变，好奇心强，博爱，有远见","qd":"多变，叛逆，倔强，自我中心","jbtz":"太阳位于水瓶座的人，极富革新精神，具有独特的个性，有着超前的思想，是新思想的开拓者。聪颖脱俗，常有奇异的想法，不按牌理出牌。","jttz":"水瓶座是黄道宫上的第十一个星座，主宰星为天王星，思想前卫，有开拓精神。太阳落在水瓶座的你，是一个反习俗、不愿随声附和的人，说话和做事全凭自己的兴趣，很有自己的主张，追求独一无二的生活方式，物质享受与精神充实一样重要。个性友善博爱、有创意和远见，善于观察分析。好奇心强，但会用理智分析，常常把强烈的愿望和独立精神融合在一起。喜欢自由自在的生活，随心所欲地思考并做出决定。","xsfg":"你很有才华，喜欢创意，不喜欢一成不变的工作，重视逻辑思考的过程，在工作上常常有许多点子，也很喜欢做规划，但对结果却不太在意；在工作上也喜欢与大家分工合作，你动脑策划他人出力。","gxmd":"你需要注意的是，有时太过于执着，因而显得有点固执，容易以自我为中心；喜欢创新、体现与众不同，也容易夸大问题；太讲求客观，易给人冷漠无情的印象。","zj":"水瓶座的人很聪明，他们最大的特点是创新，追求独一无二的生活，个人主义色彩很浓重的星座。他们对人友善又注重隐私。水瓶座绝对算得上是”友谊之星“，他喜欢结交每一类朋友，但是确很难与他们交心，那需要很长的时间。他们对自己的家人就显得冷淡和疏远很多了。"}}]}}]}}
[2025-02-14T17:04:45.709Z] [INFO] [saveYearlyData] ✅ astro.json 数据更新成功
[2025-02-14T17:04:45.709Z] [INFO] [saveYearlyData] 接收参数: shichen.json, 2025-02-15, [object Object]
[2025-02-14T17:04:45.710Z] [DEBUG] [saveYearlyData] 现有数据: {"2025-02-15":{"Reconstruction":[{"2025-02-11":{"Reconstruction":[{"errno":0,"errmsg":"","data":[{"date":"2025-2-11","hours":"23:00-00:59","hour":"子时","yi":"祭祀 祈福 出行 订婚 嫁娶 入宅 修造 盖屋 安葬 作灶","ji":"无","chong":"生肖冲(壬午)马","sha":"煞南","nayin":"霹雳火","jiuxing":"七赤金摇光"},{"date":"2025-2-11","hours":"01:00-02:59","hour":"丑时","yi":"祈福 求嗣 订婚 嫁娶 求财 开市 交易 安床 祭祀","ji":"赴任 出行","chong":"生肖冲(癸未)羊","sha":"煞东","nayin":"霹雳火","jiuxing":"八白土洞明"},{"date":"2025-2-11","hours":"03:00-04:59","hour":"寅时","yi":"祈福 求嗣 订婚 嫁娶 出行 求财 开市 交易 安床 赴任 见贵","ji":"修造 动土","chong":"生肖冲(甲申)猴","sha":"煞北","nayin":"松柏木","jiuxing":"九紫火隐元"},{"date":"2025-2-11","hours":"05:00-06:59","hour":"卯时","yi":"无","ji":"诸事不宜","chong":"生肖冲(乙酉)鸡","sha":"煞西","nayin":"松柏木","jiuxing":"一白水天枢"},{"date":"2025-2-11","hours":"07:00-08:59","hour":"辰时","yi":"订婚 嫁娶 出行 求财 开市 交易 安床","ji":"赴任 词讼 祈福 求嗣 乘船","chong":"生肖冲(丙戌)狗","sha":"煞南","nayin":"长流水","jiuxing":"二黒土天璇"},{"date":"2025-2-11","hours":"09:00-10:59","hour":"巳时","yi":"祈福 求嗣 订婚 嫁娶 出行 求财 开市 交易 安床","ji":"开光 修造 安葬","chong":"生肖冲(丁亥)猪","sha":"煞东","nayin":"长流水","jiuxing":"三碧木天玑"},{"date":"2025-2-11","hours":"11:00-12:59","hour":"午时","yi":"祈福 订婚 嫁娶 开市 安葬 赴任 出行 求财 见贵","ji":"修造 动土","chong":"生肖冲(戊子)鼠","sha":"煞北","nayin":"沙中金","jiuxing":"四绿木天权"},{"date":"2025-2-11","hours":"13:00-14:59","hour":"未时","yi":"祭祀 祈福 酬神 订婚 嫁娶 出行 求财 入宅 安葬","ji":"无","chong":"生肖冲(己丑)牛","sha":"煞西","nayin":"沙中金","jiuxing":"五黄土玉衡"},{"date":"2025-2-11","hours":"15:00-16:59","hour":"申时","yi":"出行 求财 见贵 订婚 嫁娶 修造 安葬","ji":"祭祀 祈福 斋醮 酬神","chong":"生肖冲(庚寅)虎","sha":"煞南","nayin":"山下火","jiuxing":"六白金开阳"},{"date":"2025-2-11","hours":"17:00-18:59","hour":"酉时","yi":"求嗣 嫁娶 移徙 入宅 开市 交易 修造 安葬","ji":"祭祀 祈福 斋醮 酬神","chong":"生肖冲(辛卯)兔","sha":"煞东","nayin":"山下火","jiuxing":"七赤金摇光"},{"date":"2025-2-11","hours":"19:00-20:59","hour":"戌时","yi":"见贵 求财 嫁娶 进人口 移徙 安葬","ji":"赴任 出行","chong":"生肖冲(壬辰)龙","sha":"煞北","nayin":"平地木","jiuxing":"八白土洞明"},{"date":"2025-2-11","hours":"21:00-22:59","hour":"亥时","yi":"见贵 求财 嫁娶 进人口 移徙 安葬","ji":"赴任 出行","chong":"生肖冲(癸巳)蛇","sha":"煞西","nayin":"平地木","jiuxing":"九紫火隐元"}]}]}}]}}
[2025-02-14T17:04:45.710Z] [INFO] [saveYearlyData] ✅ shichen.json 数据更新成功
[2025-02-14T17:04:45.711Z] [INFO] [fetchData] ✅ 2025-02-12 数据保存成功
[2025-02-14T17:04:45.712Z] [INFO] [fetchData] 📅 处理日期: 2025-02-13
[2025-02-14T17:04:45.821Z] [INFO] [✅ API 请求成功: https://api.jiejiariapi.com/v1/holidays/2025] undefined
[2025-02-14T17:04:45.956Z] [INFO] [✅ API 请求成功: https://api.timelessq.com/time] undefined
[2025-02-14T17:04:45.957Z] [INFO] [✅ API 请求成功: https://api.timelessq.com/time/jieqi] undefined
[2025-02-14T17:04:45.961Z] [INFO] [✅ API 请求成功: https://api.timelessq.com/time/shichen] undefined
[2025-02-14T17:04:45.966Z] [INFO] [✅ API 请求成功: https://api.timelessq.com/time/astro] undefined
[2025-02-14T17:04:45.966Z] [INFO] [calendar.json] 扁平化后的日历数据: {
  "2025-02-13": {
    "Reconstruction": [
      {
        "errno": 0,
        "errmsg": "",
        "data": {
          "year": 2025,
          "leapYear": false,
          "month": 2,
          "maxDayInMonth": 28,
          "enMonth": "February",
          "astro": "水瓶座",
          "cnWeek": "星期四",
          "enWeek": "Thursday",
          "weekInYear": 7,
          "day": 13,
          "dayInYear": 44,
          "julianDay": 2460719.8333333335,
          "hour": 8,
          "minute": 0,
          "second": 0,
          "festivals": [],
          "lunar": {
            "zodiac": "蛇",
            "year": 2025,
            "month": 1,
            "day": 16,
            "cnYear": "二零二五",
            "cnMonth": "正月",
            "cnDay": "十六",
            "cyclicalYear": "乙巳",
            "cyclicalMonth": "戊寅",
            "cyclicalDay": "癸丑",
            "hour": "辰时",
            "maxDayInMonth": 30,
            "leapMonth": 6,
            "yuexiang": "既望",
            "wuhou": "鱼陟负冰",
            "shujiu": "七九",
            "sanfu": "",
            "solarTerms": {}
          },
          "almanac": {
            "yi": "祭祀 合帐 裁衣 经络 伐木 作梁 安床 作灶 入殓 安葬 启钻 移柩",
            "ji": "词讼 出火 入宅",
            "chong": "生肖冲(丁未)羊",
            "sha": "煞东",
            "nayin": "桑柘木",
            "shiershen": "闭神",
            "xingxiu": "斗宿",
            "zheng": "木",
            "shou": "玄武",
            "pengzubaiji": [
              "癸不词讼理弱敌强",
              "丑不冠带主不还乡"
            ],
            "jishenfangwei": {
              "xi": "巽-东南",
              "yanggui": "巽-东南",
              "yingui": "震-正东",
              "fu": "艮-东北",
              "cai": "离-正南"
            },
            "liuyao": "佛灭",
            "jiuxing": "五黄土玉衡",
            "taisui": "坎-正北"
          }
        }
      }
    ]
  }
}
[2025-02-14T17:04:45.966Z] [INFO] [astro.json] 扁平化后的星座数据: {
  "2025-02-13": {
    "Reconstruction": [
      {
        "errno": 0,
        "errmsg": "",
        "data": {
          "name": "水瓶座",
          "range": "1.20-2.18",
          "zxtd": "自由博爱",
          "sssx": "风",
          "zggw": "第十一宫",
          "yysx": "阳性",
          "zdtz": "求知",
          "zgxx": "天王星",
          "xyys": "古铜色",
          "jssw": "黑珍珠",
          "xyhm": "22",
          "kyjs": "蛋白石",
          "bx": "创新、时尚",
          "yd": "求新求变，好奇心强，博爱，有远见",
          "qd": "多变，叛逆，倔强，自我中心",
          "jbtz": "太阳位于水瓶座的人，极富革新精神，具有独特的个性，有着超前的思想，是新思想的开拓者。聪颖脱俗，常有奇异的想法，不按牌理出牌。",
          "jttz": "水瓶座是黄道宫上的第十一个星座，主宰星为天王星，思想前卫，有开拓精神。太阳落在水瓶座的你，是一个反习俗、不愿随声附和的人，说话和做事全凭自己的兴趣，很有自己的主张，追求独一无二的生活方式，物质享受与精神充实一样重要。个性友善博爱、有创意和远见，善于观察分析。好奇心强，但会用理智分析，常常把强烈的愿望和独立精神融合在一起。喜欢自由自在的生活，随心所欲地思考并做出决定。",
          "xsfg": "你很有才华，喜欢创意，不喜欢一成不变的工作，重视逻辑思考的过程，在工作上常常有许多点子，也很喜欢做规划，但对结果却不太在意；在工作上也喜欢与大家分工合作，你动脑策划他人出力。",
          "gxmd": "你需要注意的是，有时太过于执着，因而显得有点固执，容易以自我为中心；喜欢创新、体现与众不同，也容易夸大问题；太讲求客观，易给人冷漠无情的印象。",
          "zj": "水瓶座的人很聪明，他们最大的特点是创新，追求独一无二的生活，个人主义色彩很浓重的星座。他们对人友善又注重隐私。水瓶座绝对算得上是”友谊之星“，他喜欢结交每一类朋友，但是确很难与他们交心，那需要很长的时间。他们对自己的家人就显得冷淡和疏远很多了。"
        }
      }
    ]
  }
}
[2025-02-14T17:04:45.967Z] [INFO] [shichen.json] 扁平化后的时辰数据: {
  "2025-02-13": {
    "Reconstruction": [
      {
        "errno": 0,
        "errmsg": "",
        "data": [
          {
            "date": "2025-2-13",
            "hours": "23:00-00:59",
            "hour": "子时",
            "yi": "赴任 出行 求财 见贵 订婚 嫁娶 入宅 开市 安葬 求嗣",
            "ji": "祭祀 祈福 斋醮 酬神",
            "chong": "生肖冲(丙午)马",
            "sha": "煞南",
            "nayin": "桑柘木",
            "jiuxing": "四绿木天权"
          },
          {
            "date": "2025-2-13",
            "hours": "01:00-02:59",
            "hour": "丑时",
            "yi": "无",
            "ji": "祭祀 祈福 斋醮 开光 赴任 出行",
            "chong": "生肖冲(丁未)羊",
            "sha": "煞东",
            "nayin": "桑柘木",
            "jiuxing": "五黄土玉衡"
          },
          {
            "date": "2025-2-13",
            "hours": "03:00-04:59",
            "hour": "寅时",
            "yi": "订婚 嫁娶 开市 安葬",
            "ji": "祭祀 祈福 斋醮 酬神",
            "chong": "生肖冲(戊申)猴",
            "sha": "煞北",
            "nayin": "大溪水",
            "jiuxing": "六白金开阳"
          },
          {
            "date": "2025-2-13",
            "hours": "05:00-06:59",
            "hour": "卯时",
            "yi": "祭祀 祈福 酬神 订婚 嫁娶 出行 求财 入宅 安葬 求嗣",
            "ji": "无",
            "chong": "生肖冲(己酉)鸡",
            "sha": "煞西",
            "nayin": "大溪水",
            "jiuxing": "七赤金摇光"
          },
          {
            "date": "2025-2-13",
            "hours": "07:00-08:59",
            "hour": "辰时",
            "yi": "祈福 求嗣 订婚 嫁娶 出行 求财 开市 交易 安床",
            "ji": "上梁 盖屋 入殓",
            "chong": "生肖冲(庚戌)狗",
            "sha": "煞南",
            "nayin": "沙中土",
            "jiuxing": "八白土洞明"
          },
          {
            "date": "2025-2-13",
            "hours": "09:00-10:59",
            "hour": "巳时",
            "yi": "祈福 求嗣 订婚 嫁娶 出行 求财 开市 交易 安床 祭祀 盖屋 移徙",
            "ji": "开光 修造 安葬",
            "chong": "生肖冲(辛亥)猪",
            "sha": "煞东",
            "nayin": "沙中土",
            "jiuxing": "九紫火隐元"
          },
          {
            "date": "2025-2-13",
            "hours": "11:00-12:59",
            "hour": "午时",
            "yi": "求财 嫁娶 开市 安葬 订婚",
            "ji": "赴任 修造 移徙 出行 词讼 祈福 求嗣",
            "chong": "生肖冲(壬子)鼠",
            "sha": "煞北",
            "nayin": "天上火",
            "jiuxing": "一白水天枢"
          },
          {
            "date": "2025-2-13",
            "hours": "13:00-14:59",
            "hour": "未时",
            "yi": "无",
            "ji": "诸事不宜",
            "chong": "生肖冲(癸丑)牛",
            "sha": "煞西",
            "nayin": "天上火",
            "jiuxing": "二黒土天璇"
          },
          {
            "date": "2025-2-13",
            "hours": "15:00-16:59",
            "hour": "申时",
            "yi": "作灶 祭祀 祈福 斋醮 酬神 赴任 出行 求财 见贵 嫁娶 进人口 移徙 安葬",
            "ji": "修造 动土",
            "chong": "生肖冲(甲寅)虎",
            "sha": "煞南",
            "nayin": "石榴木",
            "jiuxing": "三碧木天玑"
          },
          {
            "date": "2025-2-13",
            "hours": "17:00-18:59",
            "hour": "酉时",
            "yi": "祭祀 祈福 订婚 嫁娶 入宅 盖屋 安葬",
            "ji": "赴任 出行 修造",
            "chong": "生肖冲(乙卯)兔",
            "sha": "煞东",
            "nayin": "石榴木",
            "jiuxing": "四绿木天权"
          },
          {
            "date": "2025-2-13",
            "hours": "19:00-20:59",
            "hour": "戌时",
            "yi": "订婚 嫁娶 安床 移徙 入宅 修造 安葬",
            "ji": "赴任 出行 祭祀 祈福 斋醮 开光",
            "chong": "生肖冲(丙辰)龙",
            "sha": "煞北",
            "nayin": "大海水",
            "jiuxing": "五黄土玉衡"
          },
          {
            "date": "2025-2-13",
            "hours": "21:00-22:59",
            "hour": "亥时",
            "yi": "修造 盖屋 移徙 作灶 安床 入宅 开市 见贵 求财 嫁娶",
            "ji": "祭祀 祈福 斋醮 开光 赴任 出行",
            "chong": "生肖冲(丁巳)蛇",
            "sha": "煞西",
            "nayin": "大海水",
            "jiuxing": "六白金开阳"
          }
        ]
      }
    ]
  }
}
[2025-02-14T17:04:45.967Z] [INFO] [jieqi.json] 扁平化后的节气数据: {
  "2025-02-13": {
    "Reconstruction": [
      {
        "errno": 0,
        "errmsg": "",
        "data": [
          {
            "name": "大雪",
            "time": "2024-12-06 23:16:47"
          },
          {
            "name": "冬至",
            "time": "2024-12-21 17:20:20"
          },
          {
            "name": "小寒",
            "time": "2025-01-05 10:32:31"
          },
          {
            "name": "大寒",
            "time": "2025-01-20 03:59:52"
          },
          {
            "name": "立春",
            "time": "2025-02-03 22:10:13"
          },
          {
            "name": "雨水",
            "time": "2025-02-18 18:06:18"
          },
          {
            "name": "惊蛰",
            "time": "2025-03-05 16:07:02"
          },
          {
            "name": "春分",
            "time": "2025-03-20 17:01:14"
          },
          {
            "name": "清明",
            "time": "2025-04-04 20:48:21"
          },
          {
            "name": "谷雨",
            "time": "2025-04-20 03:55:45"
          },
          {
            "name": "立夏",
            "time": "2025-05-05 13:56:57"
          },
          {
            "name": "小满",
            "time": "2025-05-21 02:54:23"
          },
          {
            "name": "芒种",
            "time": "2025-06-05 17:56:16"
          },
          {
            "name": "夏至",
            "time": "2025-06-21 10:42:00"
          },
          {
            "name": "小暑",
            "time": "2025-07-07 04:04:43"
          },
          {
            "name": "大暑",
            "time": "2025-07-22 21:29:11"
          },
          {
            "name": "立秋",
            "time": "2025-08-07 13:51:19"
          },
          {
            "name": "处暑",
            "time": "2025-08-23 04:33:35"
          },
          {
            "name": "白露",
            "time": "2025-09-07 16:51:41"
          },
          {
            "name": "秋分",
            "time": "2025-09-23 02:19:04"
          },
          {
            "name": "寒露",
            "time": "2025-10-08 08:40:57"
          },
          {
            "name": "霜降",
            "time": "2025-10-23 11:50:39"
          },
          {
            "name": "立冬",
            "time": "2025-11-07 12:03:48"
          },
          {
            "name": "小雪",
            "time": "2025-11-22 09:35:18"
          },
          {
            "name": "大雪",
            "time": "2025-12-07 05:04:20"
          },
          {
            "name": "冬至",
            "time": "2025-12-21 23:02:48"
          },
          {
            "name": "小寒",
            "time": "2026-01-05 16:22:53"
          },
          {
            "name": "大寒",
            "time": "2026-01-20 09:44:39"
          },
          {
            "name": "LI_CHUN",
            "time": "2026-02-04 04:01:51"
          },
          {
            "name": "YU_SHUI",
            "time": "2026-02-18 23:51:39"
          },
          {
            "name": "JING_ZHE",
            "time": "2026-03-05 21:58:43"
          }
        ]
      }
    ]
  }
}
[2025-02-14T17:04:45.967Z] [INFO] [holidays.json] 扁平化后的节假日数据: {
  "2025-02-13": {
    "Reconstruction": [
      {}
    ]
  }
}
[2025-02-14T17:04:45.967Z] [INFO] [saveYearlyData] 接收参数: jieqi.json, 2025-02-15, [object Object]
[2025-02-14T17:04:45.968Z] [DEBUG] [saveYearlyData] 现有数据: {"2025-02-15":{"Reconstruction":[{"2025-02-12":{"Reconstruction":[{"errno":0,"errmsg":"","data":[{"name":"大雪","time":"2024-12-06 23:16:47"},{"name":"冬至","time":"2024-12-21 17:20:20"},{"name":"小寒","time":"2025-01-05 10:32:31"},{"name":"大寒","time":"2025-01-20 03:59:52"},{"name":"立春","time":"2025-02-03 22:10:13"},{"name":"雨水","time":"2025-02-18 18:06:18"},{"name":"惊蛰","time":"2025-03-05 16:07:02"},{"name":"春分","time":"2025-03-20 17:01:14"},{"name":"清明","time":"2025-04-04 20:48:21"},{"name":"谷雨","time":"2025-04-20 03:55:45"},{"name":"立夏","time":"2025-05-05 13:56:57"},{"name":"小满","time":"2025-05-21 02:54:23"},{"name":"芒种","time":"2025-06-05 17:56:16"},{"name":"夏至","time":"2025-06-21 10:42:00"},{"name":"小暑","time":"2025-07-07 04:04:43"},{"name":"大暑","time":"2025-07-22 21:29:11"},{"name":"立秋","time":"2025-08-07 13:51:19"},{"name":"处暑","time":"2025-08-23 04:33:35"},{"name":"白露","time":"2025-09-07 16:51:41"},{"name":"秋分","time":"2025-09-23 02:19:04"},{"name":"寒露","time":"2025-10-08 08:40:57"},{"name":"霜降","time":"2025-10-23 11:50:39"},{"name":"立冬","time":"2025-11-07 12:03:48"},{"name":"小雪","time":"2025-11-22 09:35:18"},{"name":"大雪","time":"2025-12-07 05:04:20"},{"name":"冬至","time":"2025-12-21 23:02:48"},{"name":"小寒","time":"2026-01-05 16:22:53"},{"name":"大寒","time":"2026-01-20 09:44:39"},{"name":"LI_CHUN","time":"2026-02-04 04:01:51"},{"name":"YU_SHUI","time":"2026-02-18 23:51:39"},{"name":"JING_ZHE","time":"2026-03-05 21:58:43"}]}]}}]}}
[2025-02-14T17:04:45.968Z] [INFO] [saveYearlyData] ✅ jieqi.json 数据更新成功
[2025-02-14T17:04:45.969Z] [INFO] [saveYearlyData] 接收参数: holidays.json, 2025-02-15, [object Object]
[2025-02-14T17:04:45.969Z] [DEBUG] [saveYearlyData] 现有数据: {"2025-02-15":{"Reconstruction":[{"2025-02-12":{"Reconstruction":[{}]}}]}}
[2025-02-14T17:04:45.970Z] [INFO] [saveYearlyData] ✅ holidays.json 数据更新成功
[2025-02-14T17:04:45.970Z] [INFO] [saveYearlyData] 接收参数: calendar.json, 2025-02-15, [object Object]
[2025-02-14T17:04:45.970Z] [DEBUG] [saveYearlyData] 现有数据: {"2025-02-15":{"Reconstruction":[{"2025-02-12":{"Reconstruction":[{"errno":0,"errmsg":"","data":{"year":2025,"leapYear":false,"month":2,"maxDayInMonth":28,"enMonth":"February","astro":"水瓶座","cnWeek":"星期三","enWeek":"Wednesday","weekInYear":7,"day":12,"dayInYear":43,"julianDay":2460718.8333333335,"hour":8,"minute":0,"second":0,"festivals":["元宵节"],"lunar":{"zodiac":"蛇","year":2025,"month":1,"day":15,"cnYear":"二零二五","cnMonth":"正月","cnDay":"十五","cyclicalYear":"乙巳","cyclicalMonth":"戊寅","cyclicalDay":"壬子","hour":"辰时","maxDayInMonth":30,"leapMonth":6,"yuexiang":"望","wuhou":"蛰虫始振","shujiu":"六九","sanfu":"","solarTerms":{}},"almanac":{"yi":"嫁娶 开光 祈福 求嗣 解除 动土 安床 栽种 开池 掘井 祭祀 破土 启钻","ji":"入宅 作灶 伐木 安葬 出火 出行 纳畜","chong":"生肖冲(丙午)马","sha":"煞南","nayin":"桑柘木","shiershen":"开神","xingxiu":"箕宿","zheng":"水","shou":"青龙","pengzubaiji":["壬不泱水更难提防","子不问卜自惹祸殃"],"jishenfangwei":{"xi":"离-正南","yanggui":"震-正东","yingui":"巽-东南","fu":"巽-东南","cai":"离-正南"},"liuyao":"先负","jiuxing":"四绿木天权","taisui":"坎-正北"}}}]}}]}}
[2025-02-14T17:04:45.971Z] [INFO] [saveYearlyData] ✅ calendar.json 数据更新成功
[2025-02-14T17:04:45.971Z] [INFO] [saveYearlyData] 接收参数: astro.json, 2025-02-15, [object Object]
[2025-02-14T17:04:45.972Z] [DEBUG] [saveYearlyData] 现有数据: {"2025-02-15":{"Reconstruction":[{"2025-02-12":{"Reconstruction":[{"errno":0,"errmsg":"","data":{"name":"水瓶座","range":"1.20-2.18","zxtd":"自由博爱","sssx":"风","zggw":"第十一宫","yysx":"阳性","zdtz":"求知","zgxx":"天王星","xyys":"古铜色","jssw":"黑珍珠","xyhm":"22","kyjs":"蛋白石","bx":"创新、时尚","yd":"求新求变，好奇心强，博爱，有远见","qd":"多变，叛逆，倔强，自我中心","jbtz":"太阳位于水瓶座的人，极富革新精神，具有独特的个性，有着超前的思想，是新思想的开拓者。聪颖脱俗，常有奇异的想法，不按牌理出牌。","jttz":"水瓶座是黄道宫上的第十一个星座，主宰星为天王星，思想前卫，有开拓精神。太阳落在水瓶座的你，是一个反习俗、不愿随声附和的人，说话和做事全凭自己的兴趣，很有自己的主张，追求独一无二的生活方式，物质享受与精神充实一样重要。个性友善博爱、有创意和远见，善于观察分析。好奇心强，但会用理智分析，常常把强烈的愿望和独立精神融合在一起。喜欢自由自在的生活，随心所欲地思考并做出决定。","xsfg":"你很有才华，喜欢创意，不喜欢一成不变的工作，重视逻辑思考的过程，在工作上常常有许多点子，也很喜欢做规划，但对结果却不太在意；在工作上也喜欢与大家分工合作，你动脑策划他人出力。","gxmd":"你需要注意的是，有时太过于执着，因而显得有点固执，容易以自我为中心；喜欢创新、体现与众不同，也容易夸大问题；太讲求客观，易给人冷漠无情的印象。","zj":"水瓶座的人很聪明，他们最大的特点是创新，追求独一无二的生活，个人主义色彩很浓重的星座。他们对人友善又注重隐私。水瓶座绝对算得上是”友谊之星“，他喜欢结交每一类朋友，但是确很难与他们交心，那需要很长的时间。他们对自己的家人就显得冷淡和疏远很多了。"}}]}}]}}
[2025-02-14T17:04:45.972Z] [INFO] [saveYearlyData] ✅ astro.json 数据更新成功
[2025-02-14T17:04:45.973Z] [INFO] [saveYearlyData] 接收参数: shichen.json, 2025-02-15, [object Object]
[2025-02-14T17:04:45.974Z] [DEBUG] [saveYearlyData] 现有数据: {"2025-02-15":{"Reconstruction":[{"2025-02-12":{"Reconstruction":[{"errno":0,"errmsg":"","data":[{"date":"2025-2-12","hours":"23:00-00:59","hour":"子时","yi":"求嗣 嫁娶 移徙 入宅 开市 交易 安葬 祈福 订婚","ji":"造船 乘船 修造 动土","chong":"生肖冲(甲午)马","sha":"煞南","nayin":"壁上土","jiuxing":"一白水天枢"},{"date":"2025-2-12","hours":"01:00-02:59","hour":"丑时","yi":"祈福 求嗣 订婚 嫁娶 出行 求财 开市 交易 安床 祭祀","ji":"无","chong":"生肖冲(乙未)羊","sha":"煞东","nayin":"壁上土","jiuxing":"二黒土天璇"},{"date":"2025-2-12","hours":"03:00-04:59","hour":"寅时","yi":"无","ji":"祭祀 祈福 斋醮 开光 赴任 出行","chong":"生肖冲(丙申)猴","sha":"煞北","nayin":"金箔金","jiuxing":"三碧木天玑"},{"date":"2025-2-12","hours":"05:00-06:59","hour":"卯时","yi":"求嗣 求财 嫁娶 安葬 修造 盖屋 移徙 安床 入宅 开市 开仓","ji":"祭祀 祈福 斋醮 开光 赴任 出行","chong":"生肖冲(丁酉)鸡","sha":"煞西","nayin":"金箔金","jiuxing":"四绿木天权"},{"date":"2025-2-12","hours":"07:00-08:59","hour":"辰时","yi":"祈福 求嗣 订婚 嫁娶 求财 开市 交易 安床 祭祀","ji":"赴任 修造 移徙 出行 词讼","chong":"生肖冲(戊戌)狗","sha":"煞南","nayin":"覆灯火","jiuxing":"五黄土玉衡"},{"date":"2025-2-12","hours":"09:00-10:59","hour":"巳时","yi":"求嗣 求财 嫁娶 安葬","ji":"祭祀 祈福 斋醮 酬神 赴任 出行 修造 动土","chong":"生肖冲(己亥)猪","sha":"煞东","nayin":"覆灯火","jiuxing":"六白金开阳"},{"date":"2025-2-12","hours":"11:00-12:59","hour":"午时","yi":"无","ji":"诸事不宜","chong":"生肖冲(庚子)鼠","sha":"煞北","nayin":"天河水","jiuxing":"七赤金摇光"},{"date":"2025-2-12","hours":"13:00-14:59","hour":"未时","yi":"修造 入宅 安葬 求财 见贵 嫁娶 进人口 移徙","ji":"赴任 出行","chong":"生肖冲(辛丑)牛","sha":"煞西","nayin":"天河水","jiuxing":"八白土洞明"},{"date":"2025-2-12","hours":"15:00-16:59","hour":"申时","yi":"订婚 嫁娶 出行 求财 开市 交易 安床","ji":"祈福 求嗣","chong":"生肖冲(壬寅)虎","sha":"煞南","nayin":"大驿土","jiuxing":"九紫火隐元"},{"date":"2025-2-12","hours":"17:00-18:59","hour":"酉时","yi":"修造 盖屋 移徙 作灶 安床 入宅 开市 祈福 求嗣 订婚 嫁娶 赴任 出行 求财","ji":"无","chong":"生肖冲(癸卯)兔","sha":"煞东","nayin":"大驿土","jiuxing":"一白水天枢"},{"date":"2025-2-12","hours":"19:00-20:59","hour":"戌时","yi":"见贵 求财 出行 嫁娶 进人口 移徙 安葬","ji":"修造 动土 赴任 词讼","chong":"生肖冲(甲辰)龙","sha":"煞北","nayin":"钗钏金","jiuxing":"二黒土天璇"},{"date":"2025-2-12","hours":"21:00-22:59","hour":"亥时","yi":"赴任 出行 求财 见贵 订婚 嫁娶 入宅 开市 安葬","ji":"祭祀 祈福 斋醮 酬神","chong":"生肖冲(乙巳)蛇","sha":"煞西","nayin":"钗钏金","jiuxing":"三碧木天玑"}]}]}}]}}
[2025-02-14T17:04:45.974Z] [INFO] [saveYearlyData] ✅ shichen.json 数据更新成功
[2025-02-14T17:04:45.975Z] [INFO] [fetchData] ✅ 2025-02-13 数据保存成功
[2025-02-14T17:04:45.975Z] [INFO] [fetchData] 📅 处理日期: 2025-02-14
[2025-02-14T17:04:46.086Z] [INFO] [✅ API 请求成功: https://api.jiejiariapi.com/v1/holidays/2025] undefined
[2025-02-14T17:04:46.220Z] [INFO] [✅ API 请求成功: https://api.timelessq.com/time/jieqi] undefined
[2025-02-14T17:04:46.222Z] [INFO] [✅ API 请求成功: https://api.timelessq.com/time/shichen] undefined
[2025-02-14T17:04:46.223Z] [INFO] [✅ API 请求成功: https://api.timelessq.com/time] undefined
[2025-02-14T17:04:46.226Z] [INFO] [✅ API 请求成功: https://api.timelessq.com/time/astro] undefined
[2025-02-14T17:04:46.227Z] [INFO] [calendar.json] 扁平化后的日历数据: {
  "2025-02-14": {
    "Reconstruction": [
      {
        "errno": 0,
        "errmsg": "",
        "data": {
          "year": 2025,
          "leapYear": false,
          "month": 2,
          "maxDayInMonth": 28,
          "enMonth": "February",
          "astro": "水瓶座",
          "cnWeek": "星期五",
          "enWeek": "Friday",
          "weekInYear": 7,
          "day": 14,
          "dayInYear": 45,
          "julianDay": 2460720.8333333335,
          "hour": 8,
          "minute": 0,
          "second": 0,
          "festivals": [
            "情人节"
          ],
          "lunar": {
            "zodiac": "蛇",
            "year": 2025,
            "month": 1,
            "day": 17,
            "cnYear": "二零二五",
            "cnMonth": "正月",
            "cnDay": "十七",
            "cyclicalYear": "乙巳",
            "cyclicalMonth": "戊寅",
            "cyclicalDay": "甲寅",
            "hour": "辰时",
            "maxDayInMonth": 30,
            "leapMonth": 6,
            "yuexiang": "立待",
            "wuhou": "鱼陟负冰",
            "shujiu": "七九",
            "sanfu": "",
            "solarTerms": {}
          },
          "almanac": {
            "yi": "裁衣 伐木 作梁 纳财 交易 立券",
            "ji": "诸事不宜",
            "chong": "生肖冲(戊申)猴",
            "sha": "煞北",
            "nayin": "大溪水",
            "shiershen": "建神",
            "xingxiu": "牛宿",
            "zheng": "金",
            "shou": "玄武",
            "pengzubaiji": [
              "甲不开仓财物耗散",
              "寅不祭祀神鬼不尝"
            ],
            "jishenfangwei": {
              "xi": "艮-东北",
              "yanggui": "坤-西南",
              "yingui": "艮-东北",
              "fu": "坎-正北",
              "cai": "艮-东北"
            },
            "liuyao": "大安",
            "jiuxing": "六白金开阳",
            "taisui": "坎-正北"
          }
        }
      }
    ]
  }
}
[2025-02-14T17:04:46.227Z] [INFO] [astro.json] 扁平化后的星座数据: {
  "2025-02-14": {
    "Reconstruction": [
      {
        "errno": 0,
        "errmsg": "",
        "data": {
          "name": "水瓶座",
          "range": "1.20-2.18",
          "zxtd": "自由博爱",
          "sssx": "风",
          "zggw": "第十一宫",
          "yysx": "阳性",
          "zdtz": "求知",
          "zgxx": "天王星",
          "xyys": "古铜色",
          "jssw": "黑珍珠",
          "xyhm": "22",
          "kyjs": "蛋白石",
          "bx": "创新、时尚",
          "yd": "求新求变，好奇心强，博爱，有远见",
          "qd": "多变，叛逆，倔强，自我中心",
          "jbtz": "太阳位于水瓶座的人，极富革新精神，具有独特的个性，有着超前的思想，是新思想的开拓者。聪颖脱俗，常有奇异的想法，不按牌理出牌。",
          "jttz": "水瓶座是黄道宫上的第十一个星座，主宰星为天王星，思想前卫，有开拓精神。太阳落在水瓶座的你，是一个反习俗、不愿随声附和的人，说话和做事全凭自己的兴趣，很有自己的主张，追求独一无二的生活方式，物质享受与精神充实一样重要。个性友善博爱、有创意和远见，善于观察分析。好奇心强，但会用理智分析，常常把强烈的愿望和独立精神融合在一起。喜欢自由自在的生活，随心所欲地思考并做出决定。",
          "xsfg": "你很有才华，喜欢创意，不喜欢一成不变的工作，重视逻辑思考的过程，在工作上常常有许多点子，也很喜欢做规划，但对结果却不太在意；在工作上也喜欢与大家分工合作，你动脑策划他人出力。",
          "gxmd": "你需要注意的是，有时太过于执着，因而显得有点固执，容易以自我为中心；喜欢创新、体现与众不同，也容易夸大问题；太讲求客观，易给人冷漠无情的印象。",
          "zj": "水瓶座的人很聪明，他们最大的特点是创新，追求独一无二的生活，个人主义色彩很浓重的星座。他们对人友善又注重隐私。水瓶座绝对算得上是”友谊之星“，他喜欢结交每一类朋友，但是确很难与他们交心，那需要很长的时间。他们对自己的家人就显得冷淡和疏远很多了。"
        }
      }
    ]
  }
}
[2025-02-14T17:04:46.227Z] [INFO] [shichen.json] 扁平化后的时辰数据: {
  "2025-02-14": {
    "Reconstruction": [
      {
        "errno": 0,
        "errmsg": "",
        "data": [
          {
            "date": "2025-2-14",
            "hours": "23:00-00:59",
            "hour": "子时",
            "yi": "祈福 订婚 嫁娶 安床 移徙 入宅 修造 安葬",
            "ji": "赴任 出行 求财",
            "chong": "生肖冲(戊午)马",
            "sha": "煞南",
            "nayin": "海中金",
            "jiuxing": "七赤金摇光"
          },
          {
            "date": "2025-2-14",
            "hours": "01:00-02:59",
            "hour": "丑时",
            "yi": "修造 盖屋 移徙 作灶 安床 入宅 开市 出行 求财 见贵 订婚 嫁娶 赴任",
            "ji": "祭祀 祈福 斋醮 酬神",
            "chong": "生肖冲(己未)羊",
            "sha": "煞东",
            "nayin": "海中金",
            "jiuxing": "八白土洞明"
          },
          {
            "date": "2025-2-14",
            "hours": "03:00-04:59",
            "hour": "寅时",
            "yi": "祭祀 祈福 酬神 订婚 嫁娶 出行 求财 入宅 安葬 赴任",
            "ji": "上梁 盖屋 入殓",
            "chong": "生肖冲(庚申)猴",
            "sha": "煞北",
            "nayin": "炉中火",
            "jiuxing": "九紫火隐元"
          },
          {
            "date": "2025-2-14",
            "hours": "05:00-06:59",
            "hour": "卯时",
            "yi": "求嗣 嫁娶 移徙 入宅 开市 交易 修造 安葬 赴任 出行 求财",
            "ji": "无",
            "chong": "生肖冲(辛酉)鸡",
            "sha": "煞西",
            "nayin": "炉中火",
            "jiuxing": "一白水天枢"
          },
          {
            "date": "2025-2-14",
            "hours": "07:00-08:59",
            "hour": "辰时",
            "yi": "订婚 嫁娶 开市 安葬 赴任 见贵 求财 出行",
            "ji": "祈福 求嗣 乘船",
            "chong": "生肖冲(壬戌)狗",
            "sha": "煞南",
            "nayin": "大林木",
            "jiuxing": "二黒土天璇"
          },
          {
            "date": "2025-2-14",
            "hours": "09:00-10:59",
            "hour": "巳时",
            "yi": "祈福 斋醮 订婚 嫁娶 移徙 开市 见贵",
            "ji": "赴任 出行 开光 修造 安葬",
            "chong": "生肖冲(癸亥)猪",
            "sha": "煞东",
            "nayin": "大林木",
            "jiuxing": "三碧木天玑"
          },
          {
            "date": "2025-2-14",
            "hours": "11:00-12:59",
            "hour": "午时",
            "yi": "祈福 求嗣 订婚 嫁娶 求财 开市 交易 安床",
            "ji": "赴任 出行 修造 动土",
            "chong": "生肖冲(甲子)鼠",
            "sha": "煞北",
            "nayin": "路旁土",
            "jiuxing": "四绿木天权"
          },
          {
            "date": "2025-2-14",
            "hours": "13:00-14:59",
            "hour": "未时",
            "yi": "祈福 求嗣 出行 求财 嫁娶 安葬 修造 盖屋 移徙 安床 入宅 开市 开仓 祭祀",
            "ji": "无",
            "chong": "生肖冲(乙丑)牛",
            "sha": "煞西",
            "nayin": "路旁土",
            "jiuxing": "五黄土玉衡"
          },
          {
            "date": "2025-2-14",
            "hours": "15:00-16:59",
            "hour": "申时",
            "yi": "无",
            "ji": "诸事不宜",
            "chong": "生肖冲(丙寅)虎",
            "sha": "煞南",
            "nayin": "剑锋金",
            "jiuxing": "六白金开阳"
          },
          {
            "date": "2025-2-14",
            "hours": "17:00-18:59",
            "hour": "酉时",
            "yi": "求财 见贵 酬神",
            "ji": "赴任 出行 修造 动土 祭祀 祈福 斋醮 开光",
            "chong": "生肖冲(丁卯)兔",
            "sha": "煞东",
            "nayin": "剑锋金",
            "jiuxing": "七赤金摇光"
          },
          {
            "date": "2025-2-14",
            "hours": "19:00-20:59",
            "hour": "戌时",
            "yi": "祈福 求嗣 订婚 嫁娶 出行 求财 开市 交易 安床 作灶 祭祀 赴任",
            "ji": "无",
            "chong": "生肖冲(戊辰)龙",
            "sha": "煞北",
            "nayin": "山头火",
            "jiuxing": "八白土洞明"
          },
          {
            "date": "2025-2-14",
            "hours": "21:00-22:59",
            "hour": "亥时",
            "yi": "祈福 求嗣 订婚 嫁娶 求财 开市 交易 安床",
            "ji": "赴任 出行 修造",
            "chong": "生肖冲(己巳)蛇",
            "sha": "煞西",
            "nayin": "山头火",
            "jiuxing": "九紫火隐元"
          }
        ]
      }
    ]
  }
}
[2025-02-14T17:04:46.228Z] [INFO] [jieqi.json] 扁平化后的节气数据: {
  "2025-02-14": {
    "Reconstruction": [
      {
        "errno": 0,
        "errmsg": "",
        "data": [
          {
            "name": "大雪",
            "time": "2024-12-06 23:16:47"
          },
          {
            "name": "冬至",
            "time": "2024-12-21 17:20:20"
          },
          {
            "name": "小寒",
            "time": "2025-01-05 10:32:31"
          },
          {
            "name": "大寒",
            "time": "2025-01-20 03:59:52"
          },
          {
            "name": "立春",
            "time": "2025-02-03 22:10:13"
          },
          {
            "name": "雨水",
            "time": "2025-02-18 18:06:18"
          },
          {
            "name": "惊蛰",
            "time": "2025-03-05 16:07:02"
          },
          {
            "name": "春分",
            "time": "2025-03-20 17:01:14"
          },
          {
            "name": "清明",
            "time": "2025-04-04 20:48:21"
          },
          {
            "name": "谷雨",
            "time": "2025-04-20 03:55:45"
          },
          {
            "name": "立夏",
            "time": "2025-05-05 13:56:57"
          },
          {
            "name": "小满",
            "time": "2025-05-21 02:54:23"
          },
          {
            "name": "芒种",
            "time": "2025-06-05 17:56:16"
          },
          {
            "name": "夏至",
            "time": "2025-06-21 10:42:00"
          },
          {
            "name": "小暑",
            "time": "2025-07-07 04:04:43"
          },
          {
            "name": "大暑",
            "time": "2025-07-22 21:29:11"
          },
          {
            "name": "立秋",
            "time": "2025-08-07 13:51:19"
          },
          {
            "name": "处暑",
            "time": "2025-08-23 04:33:35"
          },
          {
            "name": "白露",
            "time": "2025-09-07 16:51:41"
          },
          {
            "name": "秋分",
            "time": "2025-09-23 02:19:04"
          },
          {
            "name": "寒露",
            "time": "2025-10-08 08:40:57"
          },
          {
            "name": "霜降",
            "time": "2025-10-23 11:50:39"
          },
          {
            "name": "立冬",
            "time": "2025-11-07 12:03:48"
          },
          {
            "name": "小雪",
            "time": "2025-11-22 09:35:18"
          },
          {
            "name": "大雪",
            "time": "2025-12-07 05:04:20"
          },
          {
            "name": "冬至",
            "time": "2025-12-21 23:02:48"
          },
          {
            "name": "小寒",
            "time": "2026-01-05 16:22:53"
          },
          {
            "name": "大寒",
            "time": "2026-01-20 09:44:39"
          },
          {
            "name": "LI_CHUN",
            "time": "2026-02-04 04:01:51"
          },
          {
            "name": "YU_SHUI",
            "time": "2026-02-18 23:51:39"
          },
          {
            "name": "JING_ZHE",
            "time": "2026-03-05 21:58:43"
          }
        ]
      }
    ]
  }
}
[2025-02-14T17:04:46.228Z] [INFO] [holidays.json] 扁平化后的节假日数据: {
  "2025-02-14": {
    "Reconstruction": [
      {}
    ]
  }
}
[2025-02-14T17:04:46.228Z] [INFO] [saveYearlyData] 接收参数: jieqi.json, 2025-02-15, [object Object]
[2025-02-14T17:04:46.229Z] [DEBUG] [saveYearlyData] 现有数据: {"2025-02-15":{"Reconstruction":[{"2025-02-13":{"Reconstruction":[{"errno":0,"errmsg":"","data":[{"name":"大雪","time":"2024-12-06 23:16:47"},{"name":"冬至","time":"2024-12-21 17:20:20"},{"name":"小寒","time":"2025-01-05 10:32:31"},{"name":"大寒","time":"2025-01-20 03:59:52"},{"name":"立春","time":"2025-02-03 22:10:13"},{"name":"雨水","time":"2025-02-18 18:06:18"},{"name":"惊蛰","time":"2025-03-05 16:07:02"},{"name":"春分","time":"2025-03-20 17:01:14"},{"name":"清明","time":"2025-04-04 20:48:21"},{"name":"谷雨","time":"2025-04-20 03:55:45"},{"name":"立夏","time":"2025-05-05 13:56:57"},{"name":"小满","time":"2025-05-21 02:54:23"},{"name":"芒种","time":"2025-06-05 17:56:16"},{"name":"夏至","time":"2025-06-21 10:42:00"},{"name":"小暑","time":"2025-07-07 04:04:43"},{"name":"大暑","time":"2025-07-22 21:29:11"},{"name":"立秋","time":"2025-08-07 13:51:19"},{"name":"处暑","time":"2025-08-23 04:33:35"},{"name":"白露","time":"2025-09-07 16:51:41"},{"name":"秋分","time":"2025-09-23 02:19:04"},{"name":"寒露","time":"2025-10-08 08:40:57"},{"name":"霜降","time":"2025-10-23 11:50:39"},{"name":"立冬","time":"2025-11-07 12:03:48"},{"name":"小雪","time":"2025-11-22 09:35:18"},{"name":"大雪","time":"2025-12-07 05:04:20"},{"name":"冬至","time":"2025-12-21 23:02:48"},{"name":"小寒","time":"2026-01-05 16:22:53"},{"name":"大寒","time":"2026-01-20 09:44:39"},{"name":"LI_CHUN","time":"2026-02-04 04:01:51"},{"name":"YU_SHUI","time":"2026-02-18 23:51:39"},{"name":"JING_ZHE","time":"2026-03-05 21:58:43"}]}]}}]}}
[2025-02-14T17:04:46.229Z] [INFO] [saveYearlyData] ✅ jieqi.json 数据更新成功
[2025-02-14T17:04:46.230Z] [INFO] [saveYearlyData] 接收参数: holidays.json, 2025-02-15, [object Object]
[2025-02-14T17:04:46.230Z] [DEBUG] [saveYearlyData] 现有数据: {"2025-02-15":{"Reconstruction":[{"2025-02-13":{"Reconstruction":[{}]}}]}}
[2025-02-14T17:04:46.231Z] [INFO] [saveYearlyData] ✅ holidays.json 数据更新成功
[2025-02-14T17:04:46.231Z] [INFO] [saveYearlyData] 接收参数: calendar.json, 2025-02-15, [object Object]
[2025-02-14T17:04:46.231Z] [DEBUG] [saveYearlyData] 现有数据: {"2025-02-15":{"Reconstruction":[{"2025-02-13":{"Reconstruction":[{"errno":0,"errmsg":"","data":{"year":2025,"leapYear":false,"month":2,"maxDayInMonth":28,"enMonth":"February","astro":"水瓶座","cnWeek":"星期四","enWeek":"Thursday","weekInYear":7,"day":13,"dayInYear":44,"julianDay":2460719.8333333335,"hour":8,"minute":0,"second":0,"festivals":[],"lunar":{"zodiac":"蛇","year":2025,"month":1,"day":16,"cnYear":"二零二五","cnMonth":"正月","cnDay":"十六","cyclicalYear":"乙巳","cyclicalMonth":"戊寅","cyclicalDay":"癸丑","hour":"辰时","maxDayInMonth":30,"leapMonth":6,"yuexiang":"既望","wuhou":"鱼陟负冰","shujiu":"七九","sanfu":"","solarTerms":{}},"almanac":{"yi":"祭祀 合帐 裁衣 经络 伐木 作梁 安床 作灶 入殓 安葬 启钻 移柩","ji":"词讼 出火 入宅","chong":"生肖冲(丁未)羊","sha":"煞东","nayin":"桑柘木","shiershen":"闭神","xingxiu":"斗宿","zheng":"木","shou":"玄武","pengzubaiji":["癸不词讼理弱敌强","丑不冠带主不还乡"],"jishenfangwei":{"xi":"巽-东南","yanggui":"巽-东南","yingui":"震-正东","fu":"艮-东北","cai":"离-正南"},"liuyao":"佛灭","jiuxing":"五黄土玉衡","taisui":"坎-正北"}}}]}}]}}
[2025-02-14T17:04:46.232Z] [INFO] [saveYearlyData] ✅ calendar.json 数据更新成功
[2025-02-14T17:04:46.232Z] [INFO] [saveYearlyData] 接收参数: astro.json, 2025-02-15, [object Object]
[2025-02-14T17:04:46.233Z] [DEBUG] [saveYearlyData] 现有数据: {"2025-02-15":{"Reconstruction":[{"2025-02-13":{"Reconstruction":[{"errno":0,"errmsg":"","data":{"name":"水瓶座","range":"1.20-2.18","zxtd":"自由博爱","sssx":"风","zggw":"第十一宫","yysx":"阳性","zdtz":"求知","zgxx":"天王星","xyys":"古铜色","jssw":"黑珍珠","xyhm":"22","kyjs":"蛋白石","bx":"创新、时尚","yd":"求新求变，好奇心强，博爱，有远见","qd":"多变，叛逆，倔强，自我中心","jbtz":"太阳位于水瓶座的人，极富革新精神，具有独特的个性，有着超前的思想，是新思想的开拓者。聪颖脱俗，常有奇异的想法，不按牌理出牌。","jttz":"水瓶座是黄道宫上的第十一个星座，主宰星为天王星，思想前卫，有开拓精神。太阳落在水瓶座的你，是一个反习俗、不愿随声附和的人，说话和做事全凭自己的兴趣，很有自己的主张，追求独一无二的生活方式，物质享受与精神充实一样重要。个性友善博爱、有创意和远见，善于观察分析。好奇心强，但会用理智分析，常常把强烈的愿望和独立精神融合在一起。喜欢自由自在的生活，随心所欲地思考并做出决定。","xsfg":"你很有才华，喜欢创意，不喜欢一成不变的工作，重视逻辑思考的过程，在工作上常常有许多点子，也很喜欢做规划，但对结果却不太在意；在工作上也喜欢与大家分工合作，你动脑策划他人出力。","gxmd":"你需要注意的是，有时太过于执着，因而显得有点固执，容易以自我为中心；喜欢创新、体现与众不同，也容易夸大问题；太讲求客观，易给人冷漠无情的印象。","zj":"水瓶座的人很聪明，他们最大的特点是创新，追求独一无二的生活，个人主义色彩很浓重的星座。他们对人友善又注重隐私。水瓶座绝对算得上是”友谊之星“，他喜欢结交每一类朋友，但是确很难与他们交心，那需要很长的时间。他们对自己的家人就显得冷淡和疏远很多了。"}}]}}]}}
[2025-02-14T17:04:46.233Z] [INFO] [saveYearlyData] ✅ astro.json 数据更新成功
[2025-02-14T17:04:46.233Z] [INFO] [saveYearlyData] 接收参数: shichen.json, 2025-02-15, [object Object]
[2025-02-14T17:04:46.234Z] [DEBUG] [saveYearlyData] 现有数据: {"2025-02-15":{"Reconstruction":[{"2025-02-13":{"Reconstruction":[{"errno":0,"errmsg":"","data":[{"date":"2025-2-13","hours":"23:00-00:59","hour":"子时","yi":"赴任 出行 求财 见贵 订婚 嫁娶 入宅 开市 安葬 求嗣","ji":"祭祀 祈福 斋醮 酬神","chong":"生肖冲(丙午)马","sha":"煞南","nayin":"桑柘木","jiuxing":"四绿木天权"},{"date":"2025-2-13","hours":"01:00-02:59","hour":"丑时","yi":"无","ji":"祭祀 祈福 斋醮 开光 赴任 出行","chong":"生肖冲(丁未)羊","sha":"煞东","nayin":"桑柘木","jiuxing":"五黄土玉衡"},{"date":"2025-2-13","hours":"03:00-04:59","hour":"寅时","yi":"订婚 嫁娶 开市 安葬","ji":"祭祀 祈福 斋醮 酬神","chong":"生肖冲(戊申)猴","sha":"煞北","nayin":"大溪水","jiuxing":"六白金开阳"},{"date":"2025-2-13","hours":"05:00-06:59","hour":"卯时","yi":"祭祀 祈福 酬神 订婚 嫁娶 出行 求财 入宅 安葬 求嗣","ji":"无","chong":"生肖冲(己酉)鸡","sha":"煞西","nayin":"大溪水","jiuxing":"七赤金摇光"},{"date":"2025-2-13","hours":"07:00-08:59","hour":"辰时","yi":"祈福 求嗣 订婚 嫁娶 出行 求财 开市 交易 安床","ji":"上梁 盖屋 入殓","chong":"生肖冲(庚戌)狗","sha":"煞南","nayin":"沙中土","jiuxing":"八白土洞明"},{"date":"2025-2-13","hours":"09:00-10:59","hour":"巳时","yi":"祈福 求嗣 订婚 嫁娶 出行 求财 开市 交易 安床 祭祀 盖屋 移徙","ji":"开光 修造 安葬","chong":"生肖冲(辛亥)猪","sha":"煞东","nayin":"沙中土","jiuxing":"九紫火隐元"},{"date":"2025-2-13","hours":"11:00-12:59","hour":"午时","yi":"求财 嫁娶 开市 安葬 订婚","ji":"赴任 修造 移徙 出行 词讼 祈福 求嗣","chong":"生肖冲(壬子)鼠","sha":"煞北","nayin":"天上火","jiuxing":"一白水天枢"},{"date":"2025-2-13","hours":"13:00-14:59","hour":"未时","yi":"无","ji":"诸事不宜","chong":"生肖冲(癸丑)牛","sha":"煞西","nayin":"天上火","jiuxing":"二黒土天璇"},{"date":"2025-2-13","hours":"15:00-16:59","hour":"申时","yi":"作灶 祭祀 祈福 斋醮 酬神 赴任 出行 求财 见贵 嫁娶 进人口 移徙 安葬","ji":"修造 动土","chong":"生肖冲(甲寅)虎","sha":"煞南","nayin":"石榴木","jiuxing":"三碧木天玑"},{"date":"2025-2-13","hours":"17:00-18:59","hour":"酉时","yi":"祭祀 祈福 订婚 嫁娶 入宅 盖屋 安葬","ji":"赴任 出行 修造","chong":"生肖冲(乙卯)兔","sha":"煞东","nayin":"石榴木","jiuxing":"四绿木天权"},{"date":"2025-2-13","hours":"19:00-20:59","hour":"戌时","yi":"订婚 嫁娶 安床 移徙 入宅 修造 安葬","ji":"赴任 出行 祭祀 祈福 斋醮 开光","chong":"生肖冲(丙辰)龙","sha":"煞北","nayin":"大海水","jiuxing":"五黄土玉衡"},{"date":"2025-2-13","hours":"21:00-22:59","hour":"亥时","yi":"修造 盖屋 移徙 作灶 安床 入宅 开市 见贵 求财 嫁娶","ji":"祭祀 祈福 斋醮 开光 赴任 出行","chong":"生肖冲(丁巳)蛇","sha":"煞西","nayin":"大海水","jiuxing":"六白金开阳"}]}]}}]}}
[2025-02-14T17:04:46.234Z] [INFO] [saveYearlyData] ✅ shichen.json 数据更新成功
[2025-02-14T17:04:46.235Z] [INFO] [fetchData] ✅ 2025-02-14 数据保存成功
[2025-02-14T17:04:46.235Z] [INFO] [fetchData] 📅 处理日期: 2025-02-15
[2025-02-14T17:04:46.351Z] [INFO] [✅ API 请求成功: https://api.jiejiariapi.com/v1/holidays/2025] undefined
[2025-02-14T17:04:46.474Z] [INFO] [✅ API 请求成功: https://api.timelessq.com/time/jieqi] undefined
[2025-02-14T17:04:46.481Z] [INFO] [✅ API 请求成功: https://api.timelessq.com/time/astro] undefined
[2025-02-14T17:04:46.484Z] [INFO] [✅ API 请求成功: https://api.timelessq.com/time] undefined
[2025-02-14T17:04:47.048Z] [INFO] [✅ API 请求成功: https://api.timelessq.com/time/shichen] undefined
[2025-02-14T17:04:47.049Z] [INFO] [calendar.json] 扁平化后的日历数据: {
  "2025-02-15": {
    "Reconstruction": [
      {
        "errno": 0,
        "errmsg": "",
        "data": {
          "year": 2025,
          "leapYear": false,
          "month": 2,
          "maxDayInMonth": 28,
          "enMonth": "February",
          "astro": "水瓶座",
          "cnWeek": "星期六",
          "enWeek": "Saturday",
          "weekInYear": 7,
          "day": 15,
          "dayInYear": 46,
          "julianDay": 2460721.8333333335,
          "hour": 8,
          "minute": 0,
          "second": 0,
          "festivals": [],
          "lunar": {
            "zodiac": "蛇",
            "year": 2025,
            "month": 1,
            "day": 18,
            "cnYear": "二零二五",
            "cnMonth": "正月",
            "cnDay": "十八",
            "cyclicalYear": "乙巳",
            "cyclicalMonth": "戊寅",
            "cyclicalDay": "乙卯",
            "hour": "辰时",
            "maxDayInMonth": 30,
            "leapMonth": 6,
            "yuexiang": "居待",
            "wuhou": "鱼陟负冰",
            "shujiu": "七九",
            "sanfu": "",
            "solarTerms": {}
          },
          "almanac": {
            "yi": "嫁娶 祭祀 祈福 求嗣 开光 出行 出火 拆卸 动土 上梁 进人口 入宅 移徙 安床 开市 交易 立券 挂匾 入殓 破土 安葬 启钻 除服 成服",
            "ji": "无",
            "chong": "生肖冲(己酉)鸡",
            "sha": "煞西",
            "nayin": "大溪水",
            "shiershen": "除神",
            "xingxiu": "女宿",
            "zheng": "土",
            "shou": "玄武",
            "pengzubaiji": [
              "乙不栽植千株不长",
              "卯不穿井水泉不香"
            ],
            "jishenfangwei": {
              "xi": "乾-西北",
              "yanggui": "坤-西南",
              "yingui": "坎-正北",
              "fu": "坤-西南",
              "cai": "艮-东北"
            },
            "liuyao": "赤口",
            "jiuxing": "七赤金摇光",
            "taisui": "坎-正北"
          }
        }
      }
    ]
  }
}
[2025-02-14T17:04:47.049Z] [INFO] [astro.json] 扁平化后的星座数据: {
  "2025-02-15": {
    "Reconstruction": [
      {
        "errno": 0,
        "errmsg": "",
        "data": {
          "name": "水瓶座",
          "range": "1.20-2.18",
          "zxtd": "自由博爱",
          "sssx": "风",
          "zggw": "第十一宫",
          "yysx": "阳性",
          "zdtz": "求知",
          "zgxx": "天王星",
          "xyys": "古铜色",
          "jssw": "黑珍珠",
          "xyhm": "22",
          "kyjs": "蛋白石",
          "bx": "创新、时尚",
          "yd": "求新求变，好奇心强，博爱，有远见",
          "qd": "多变，叛逆，倔强，自我中心",
          "jbtz": "太阳位于水瓶座的人，极富革新精神，具有独特的个性，有着超前的思想，是新思想的开拓者。聪颖脱俗，常有奇异的想法，不按牌理出牌。",
          "jttz": "水瓶座是黄道宫上的第十一个星座，主宰星为天王星，思想前卫，有开拓精神。太阳落在水瓶座的你，是一个反习俗、不愿随声附和的人，说话和做事全凭自己的兴趣，很有自己的主张，追求独一无二的生活方式，物质享受与精神充实一样重要。个性友善博爱、有创意和远见，善于观察分析。好奇心强，但会用理智分析，常常把强烈的愿望和独立精神融合在一起。喜欢自由自在的生活，随心所欲地思考并做出决定。",
          "xsfg": "你很有才华，喜欢创意，不喜欢一成不变的工作，重视逻辑思考的过程，在工作上常常有许多点子，也很喜欢做规划，但对结果却不太在意；在工作上也喜欢与大家分工合作，你动脑策划他人出力。",
          "gxmd": "你需要注意的是，有时太过于执着，因而显得有点固执，容易以自我为中心；喜欢创新、体现与众不同，也容易夸大问题；太讲求客观，易给人冷漠无情的印象。",
          "zj": "水瓶座的人很聪明，他们最大的特点是创新，追求独一无二的生活，个人主义色彩很浓重的星座。他们对人友善又注重隐私。水瓶座绝对算得上是”友谊之星“，他喜欢结交每一类朋友，但是确很难与他们交心，那需要很长的时间。他们对自己的家人就显得冷淡和疏远很多了。"
        }
      }
    ]
  }
}
[2025-02-14T17:04:47.049Z] [INFO] [shichen.json] 扁平化后的时辰数据: {
  "2025-02-15": {
    "Reconstruction": [
      {
        "errno": 0,
        "errmsg": "",
        "data": [
          {
            "date": "2025-2-15",
            "hours": "23:00-00:59",
            "hour": "子时",
            "yi": "作灶 祭祀 祈福 斋醮 酬神 修造",
            "ji": "上梁 盖屋 入殓 赴任 出行",
            "chong": "生肖冲(庚午)马",
            "sha": "煞南",
            "nayin": "涧下水",
            "jiuxing": "一白水天枢"
          },
          {
            "date": "2025-2-15",
            "hours": "01:00-02:59",
            "hour": "丑时",
            "yi": "祭祀 祈福 酬神 订婚 嫁娶 求财 入宅 安葬",
            "ji": "赴任 出行 修造",
            "chong": "生肖冲(辛未)羊",
            "sha": "煞东",
            "nayin": "涧下水",
            "jiuxing": "二黒土天璇"
          },
          {
            "date": "2025-2-15",
            "hours": "03:00-04:59",
            "hour": "寅时",
            "yi": "订婚 嫁娶 安床 移徙 入宅 修造 安葬",
            "ji": "祭祀 祈福 斋醮 酬神 乘船",
            "chong": "生肖冲(壬申)猴",
            "sha": "煞北",
            "nayin": "城头土",
            "jiuxing": "三碧木天玑"
          },
          {
            "date": "2025-2-15",
            "hours": "05:00-06:59",
            "hour": "卯时",
            "yi": "赴任 出行 求财 见贵 订婚 嫁娶 入宅 开市 安葬 祈福 求嗣 修造 盖屋 移徙",
            "ji": "无",
            "chong": "生肖冲(癸酉)鸡",
            "sha": "煞西",
            "nayin": "城头土",
            "jiuxing": "四绿木天权"
          },
          {
            "date": "2025-2-15",
            "hours": "07:00-08:59",
            "hour": "辰时",
            "yi": "祭祀 祈福 求嗣 斋醮 订婚 嫁娶 安葬",
            "ji": "赴任 出行 修造 动土",
            "chong": "生肖冲(甲戌)狗",
            "sha": "煞南",
            "nayin": "白蜡金",
            "jiuxing": "五黄土玉衡"
          },
          {
            "date": "2025-2-15",
            "hours": "09:00-10:59",
            "hour": "巳时",
            "yi": "祈福 嫁娶 修造 盖屋 造庙 作灶 入宅 安葬 见贵 求财",
            "ji": "赴任 出行",
            "chong": "生肖冲(乙亥)猪",
            "sha": "煞东",
            "nayin": "白蜡金",
            "jiuxing": "六白金开阳"
          },
          {
            "date": "2025-2-15",
            "hours": "11:00-12:59",
            "hour": "午时",
            "yi": "求嗣 嫁娶 移徙 入宅 开市 交易 修造 安葬 订婚",
            "ji": "祭祀 祈福 斋醮 开光 赴任 出行",
            "chong": "生肖冲(丙子)鼠",
            "sha": "煞北",
            "nayin": "杨柳木",
            "jiuxing": "七赤金摇光"
          },
          {
            "date": "2025-2-15",
            "hours": "13:00-14:59",
            "hour": "未时",
            "yi": "求嗣 订婚 嫁娶 求财 开市 交易 安床",
            "ji": "祭祀 祈福 斋醮 开光 赴任 出行",
            "chong": "生肖冲(丁丑)牛",
            "sha": "煞西",
            "nayin": "杨柳木",
            "jiuxing": "八白土洞明"
          },
          {
            "date": "2025-2-15",
            "hours": "15:00-16:59",
            "hour": "申时",
            "yi": "出行 求财 见贵 订婚 嫁娶",
            "ji": "祭祀 祈福 斋醮 酬神 开光 修造 安葬",
            "chong": "生肖冲(戊寅)虎",
            "sha": "煞南",
            "nayin": "泉中水",
            "jiuxing": "九紫火隐元"
          },
          {
            "date": "2025-2-15",
            "hours": "17:00-18:59",
            "hour": "酉时",
            "yi": "无",
            "ji": "诸事不宜",
            "chong": "生肖冲(己卯)兔",
            "sha": "煞东",
            "nayin": "泉中水",
            "jiuxing": "一白水天枢"
          },
          {
            "date": "2025-2-15",
            "hours": "19:00-20:59",
            "hour": "戌时",
            "yi": "祈福 求嗣 订婚 嫁娶 求财 开市 交易 安床",
            "ji": "上梁 盖屋 入殓 赴任 修造 移徙 出行 词讼",
            "chong": "生肖冲(庚辰)龙",
            "sha": "煞北",
            "nayin": "屋上土",
            "jiuxing": "二黒土天璇"
          },
          {
            "date": "2025-2-15",
            "hours": "21:00-22:59",
            "hour": "亥时",
            "yi": "祈福 求嗣 订婚 嫁娶 求财 开市 交易 安床 入宅 安葬 祭祀",
            "ji": "赴任 出行 修造 动土",
            "chong": "生肖冲(辛巳)蛇",
            "sha": "煞西",
            "nayin": "屋上土",
            "jiuxing": "三碧木天玑"
          }
        ]
      }
    ]
  }
}
[2025-02-14T17:04:47.049Z] [INFO] [jieqi.json] 扁平化后的节气数据: {
  "2025-02-15": {
    "Reconstruction": [
      {
        "errno": 0,
        "errmsg": "",
        "data": [
          {
            "name": "大雪",
            "time": "2024-12-06 23:16:47"
          },
          {
            "name": "冬至",
            "time": "2024-12-21 17:20:20"
          },
          {
            "name": "小寒",
            "time": "2025-01-05 10:32:31"
          },
          {
            "name": "大寒",
            "time": "2025-01-20 03:59:52"
          },
          {
            "name": "立春",
            "time": "2025-02-03 22:10:13"
          },
          {
            "name": "雨水",
            "time": "2025-02-18 18:06:18"
          },
          {
            "name": "惊蛰",
            "time": "2025-03-05 16:07:02"
          },
          {
            "name": "春分",
            "time": "2025-03-20 17:01:14"
          },
          {
            "name": "清明",
            "time": "2025-04-04 20:48:21"
          },
          {
            "name": "谷雨",
            "time": "2025-04-20 03:55:45"
          },
          {
            "name": "立夏",
            "time": "2025-05-05 13:56:57"
          },
          {
            "name": "小满",
            "time": "2025-05-21 02:54:23"
          },
          {
            "name": "芒种",
            "time": "2025-06-05 17:56:16"
          },
          {
            "name": "夏至",
            "time": "2025-06-21 10:42:00"
          },
          {
            "name": "小暑",
            "time": "2025-07-07 04:04:43"
          },
          {
            "name": "大暑",
            "time": "2025-07-22 21:29:11"
          },
          {
            "name": "立秋",
            "time": "2025-08-07 13:51:19"
          },
          {
            "name": "处暑",
            "time": "2025-08-23 04:33:35"
          },
          {
            "name": "白露",
            "time": "2025-09-07 16:51:41"
          },
          {
            "name": "秋分",
            "time": "2025-09-23 02:19:04"
          },
          {
            "name": "寒露",
            "time": "2025-10-08 08:40:57"
          },
          {
            "name": "霜降",
            "time": "2025-10-23 11:50:39"
          },
          {
            "name": "立冬",
            "time": "2025-11-07 12:03:48"
          },
          {
            "name": "小雪",
            "time": "2025-11-22 09:35:18"
          },
          {
            "name": "大雪",
            "time": "2025-12-07 05:04:20"
          },
          {
            "name": "冬至",
            "time": "2025-12-21 23:02:48"
          },
          {
            "name": "小寒",
            "time": "2026-01-05 16:22:53"
          },
          {
            "name": "大寒",
            "time": "2026-01-20 09:44:39"
          },
          {
            "name": "LI_CHUN",
            "time": "2026-02-04 04:01:51"
          },
          {
            "name": "YU_SHUI",
            "time": "2026-02-18 23:51:39"
          },
          {
            "name": "JING_ZHE",
            "time": "2026-03-05 21:58:43"
          }
        ]
      }
    ]
  }
}
[2025-02-14T17:04:47.050Z] [INFO] [holidays.json] 扁平化后的节假日数据: {
  "2025-02-15": {
    "Reconstruction": [
      {}
    ]
  }
}
[2025-02-14T17:04:47.050Z] [INFO] [saveYearlyData] 接收参数: jieqi.json, 2025-02-15, [object Object]
[2025-02-14T17:04:47.050Z] [DEBUG] [saveYearlyData] 现有数据: {"2025-02-15":{"Reconstruction":[{"2025-02-14":{"Reconstruction":[{"errno":0,"errmsg":"","data":[{"name":"大雪","time":"2024-12-06 23:16:47"},{"name":"冬至","time":"2024-12-21 17:20:20"},{"name":"小寒","time":"2025-01-05 10:32:31"},{"name":"大寒","time":"2025-01-20 03:59:52"},{"name":"立春","time":"2025-02-03 22:10:13"},{"name":"雨水","time":"2025-02-18 18:06:18"},{"name":"惊蛰","time":"2025-03-05 16:07:02"},{"name":"春分","time":"2025-03-20 17:01:14"},{"name":"清明","time":"2025-04-04 20:48:21"},{"name":"谷雨","time":"2025-04-20 03:55:45"},{"name":"立夏","time":"2025-05-05 13:56:57"},{"name":"小满","time":"2025-05-21 02:54:23"},{"name":"芒种","time":"2025-06-05 17:56:16"},{"name":"夏至","time":"2025-06-21 10:42:00"},{"name":"小暑","time":"2025-07-07 04:04:43"},{"name":"大暑","time":"2025-07-22 21:29:11"},{"name":"立秋","time":"2025-08-07 13:51:19"},{"name":"处暑","time":"2025-08-23 04:33:35"},{"name":"白露","time":"2025-09-07 16:51:41"},{"name":"秋分","time":"2025-09-23 02:19:04"},{"name":"寒露","time":"2025-10-08 08:40:57"},{"name":"霜降","time":"2025-10-23 11:50:39"},{"name":"立冬","time":"2025-11-07 12:03:48"},{"name":"小雪","time":"2025-11-22 09:35:18"},{"name":"大雪","time":"2025-12-07 05:04:20"},{"name":"冬至","time":"2025-12-21 23:02:48"},{"name":"小寒","time":"2026-01-05 16:22:53"},{"name":"大寒","time":"2026-01-20 09:44:39"},{"name":"LI_CHUN","time":"2026-02-04 04:01:51"},{"name":"YU_SHUI","time":"2026-02-18 23:51:39"},{"name":"JING_ZHE","time":"2026-03-05 21:58:43"}]}]}}]}}
[2025-02-14T17:04:47.051Z] [INFO] [saveYearlyData] ✅ jieqi.json 数据更新成功
[2025-02-14T17:04:47.051Z] [INFO] [saveYearlyData] 接收参数: holidays.json, 2025-02-15, [object Object]
[2025-02-14T17:04:47.051Z] [DEBUG] [saveYearlyData] 现有数据: {"2025-02-15":{"Reconstruction":[{"2025-02-14":{"Reconstruction":[{}]}}]}}
[2025-02-14T17:04:47.052Z] [INFO] [saveYearlyData] ✅ holidays.json 数据更新成功
[2025-02-14T17:04:47.052Z] [INFO] [saveYearlyData] 接收参数: calendar.json, 2025-02-15, [object Object]
[2025-02-14T17:04:47.052Z] [DEBUG] [saveYearlyData] 现有数据: {"2025-02-15":{"Reconstruction":[{"2025-02-14":{"Reconstruction":[{"errno":0,"errmsg":"","data":{"year":2025,"leapYear":false,"month":2,"maxDayInMonth":28,"enMonth":"February","astro":"水瓶座","cnWeek":"星期五","enWeek":"Friday","weekInYear":7,"day":14,"dayInYear":45,"julianDay":2460720.8333333335,"hour":8,"minute":0,"second":0,"festivals":["情人节"],"lunar":{"zodiac":"蛇","year":2025,"month":1,"day":17,"cnYear":"二零二五","cnMonth":"正月","cnDay":"十七","cyclicalYear":"乙巳","cyclicalMonth":"戊寅","cyclicalDay":"甲寅","hour":"辰时","maxDayInMonth":30,"leapMonth":6,"yuexiang":"立待","wuhou":"鱼陟负冰","shujiu":"七九","sanfu":"","solarTerms":{}},"almanac":{"yi":"裁衣 伐木 作梁 纳财 交易 立券","ji":"诸事不宜","chong":"生肖冲(戊申)猴","sha":"煞北","nayin":"大溪水","shiershen":"建神","xingxiu":"牛宿","zheng":"金","shou":"玄武","pengzubaiji":["甲不开仓财物耗散","寅不祭祀神鬼不尝"],"jishenfangwei":{"xi":"艮-东北","yanggui":"坤-西南","yingui":"艮-东北","fu":"坎-正北","cai":"艮-东北"},"liuyao":"大安","jiuxing":"六白金开阳","taisui":"坎-正北"}}}]}}]}}
[2025-02-14T17:04:47.053Z] [INFO] [saveYearlyData] ✅ calendar.json 数据更新成功
[2025-02-14T17:04:47.053Z] [INFO] [saveYearlyData] 接收参数: astro.json, 2025-02-15, [object Object]
[2025-02-14T17:04:47.054Z] [DEBUG] [saveYearlyData] 现有数据: {"2025-02-15":{"Reconstruction":[{"2025-02-14":{"Reconstruction":[{"errno":0,"errmsg":"","data":{"name":"水瓶座","range":"1.20-2.18","zxtd":"自由博爱","sssx":"风","zggw":"第十一宫","yysx":"阳性","zdtz":"求知","zgxx":"天王星","xyys":"古铜色","jssw":"黑珍珠","xyhm":"22","kyjs":"蛋白石","bx":"创新、时尚","yd":"求新求变，好奇心强，博爱，有远见","qd":"多变，叛逆，倔强，自我中心","jbtz":"太阳位于水瓶座的人，极富革新精神，具有独特的个性，有着超前的思想，是新思想的开拓者。聪颖脱俗，常有奇异的想法，不按牌理出牌。","jttz":"水瓶座是黄道宫上的第十一个星座，主宰星为天王星，思想前卫，有开拓精神。太阳落在水瓶座的你，是一个反习俗、不愿随声附和的人，说话和做事全凭自己的兴趣，很有自己的主张，追求独一无二的生活方式，物质享受与精神充实一样重要。个性友善博爱、有创意和远见，善于观察分析。好奇心强，但会用理智分析，常常把强烈的愿望和独立精神融合在一起。喜欢自由自在的生活，随心所欲地思考并做出决定。","xsfg":"你很有才华，喜欢创意，不喜欢一成不变的工作，重视逻辑思考的过程，在工作上常常有许多点子，也很喜欢做规划，但对结果却不太在意；在工作上也喜欢与大家分工合作，你动脑策划他人出力。","gxmd":"你需要注意的是，有时太过于执着，因而显得有点固执，容易以自我为中心；喜欢创新、体现与众不同，也容易夸大问题；太讲求客观，易给人冷漠无情的印象。","zj":"水瓶座的人很聪明，他们最大的特点是创新，追求独一无二的生活，个人主义色彩很浓重的星座。他们对人友善又注重隐私。水瓶座绝对算得上是”友谊之星“，他喜欢结交每一类朋友，但是确很难与他们交心，那需要很长的时间。他们对自己的家人就显得冷淡和疏远很多了。"}}]}}]}}
[2025-02-14T17:04:47.054Z] [INFO] [saveYearlyData] ✅ astro.json 数据更新成功
[2025-02-14T17:04:47.054Z] [INFO] [saveYearlyData] 接收参数: shichen.json, 2025-02-15, [object Object]
[2025-02-14T17:04:47.055Z] [DEBUG] [saveYearlyData] 现有数据: {"2025-02-15":{"Reconstruction":[{"2025-02-14":{"Reconstruction":[{"errno":0,"errmsg":"","data":[{"date":"2025-2-14","hours":"23:00-00:59","hour":"子时","yi":"祈福 订婚 嫁娶 安床 移徙 入宅 修造 安葬","ji":"赴任 出行 求财","chong":"生肖冲(戊午)马","sha":"煞南","nayin":"海中金","jiuxing":"七赤金摇光"},{"date":"2025-2-14","hours":"01:00-02:59","hour":"丑时","yi":"修造 盖屋 移徙 作灶 安床 入宅 开市 出行 求财 见贵 订婚 嫁娶 赴任","ji":"祭祀 祈福 斋醮 酬神","chong":"生肖冲(己未)羊","sha":"煞东","nayin":"海中金","jiuxing":"八白土洞明"},{"date":"2025-2-14","hours":"03:00-04:59","hour":"寅时","yi":"祭祀 祈福 酬神 订婚 嫁娶 出行 求财 入宅 安葬 赴任","ji":"上梁 盖屋 入殓","chong":"生肖冲(庚申)猴","sha":"煞北","nayin":"炉中火","jiuxing":"九紫火隐元"},{"date":"2025-2-14","hours":"05:00-06:59","hour":"卯时","yi":"求嗣 嫁娶 移徙 入宅 开市 交易 修造 安葬 赴任 出行 求财","ji":"无","chong":"生肖冲(辛酉)鸡","sha":"煞西","nayin":"炉中火","jiuxing":"一白水天枢"},{"date":"2025-2-14","hours":"07:00-08:59","hour":"辰时","yi":"订婚 嫁娶 开市 安葬 赴任 见贵 求财 出行","ji":"祈福 求嗣 乘船","chong":"生肖冲(壬戌)狗","sha":"煞南","nayin":"大林木","jiuxing":"二黒土天璇"},{"date":"2025-2-14","hours":"09:00-10:59","hour":"巳时","yi":"祈福 斋醮 订婚 嫁娶 移徙 开市 见贵","ji":"赴任 出行 开光 修造 安葬","chong":"生肖冲(癸亥)猪","sha":"煞东","nayin":"大林木","jiuxing":"三碧木天玑"},{"date":"2025-2-14","hours":"11:00-12:59","hour":"午时","yi":"祈福 求嗣 订婚 嫁娶 求财 开市 交易 安床","ji":"赴任 出行 修造 动土","chong":"生肖冲(甲子)鼠","sha":"煞北","nayin":"路旁土","jiuxing":"四绿木天权"},{"date":"2025-2-14","hours":"13:00-14:59","hour":"未时","yi":"祈福 求嗣 出行 求财 嫁娶 安葬 修造 盖屋 移徙 安床 入宅 开市 开仓 祭祀","ji":"无","chong":"生肖冲(乙丑)牛","sha":"煞西","nayin":"路旁土","jiuxing":"五黄土玉衡"},{"date":"2025-2-14","hours":"15:00-16:59","hour":"申时","yi":"无","ji":"诸事不宜","chong":"生肖冲(丙寅)虎","sha":"煞南","nayin":"剑锋金","jiuxing":"六白金开阳"},{"date":"2025-2-14","hours":"17:00-18:59","hour":"酉时","yi":"求财 见贵 酬神","ji":"赴任 出行 修造 动土 祭祀 祈福 斋醮 开光","chong":"生肖冲(丁卯)兔","sha":"煞东","nayin":"剑锋金","jiuxing":"七赤金摇光"},{"date":"2025-2-14","hours":"19:00-20:59","hour":"戌时","yi":"祈福 求嗣 订婚 嫁娶 出行 求财 开市 交易 安床 作灶 祭祀 赴任","ji":"无","chong":"生肖冲(戊辰)龙","sha":"煞北","nayin":"山头火","jiuxing":"八白土洞明"},{"date":"2025-2-14","hours":"21:00-22:59","hour":"亥时","yi":"祈福 求嗣 订婚 嫁娶 求财 开市 交易 安床","ji":"赴任 出行 修造","chong":"生肖冲(己巳)蛇","sha":"煞西","nayin":"山头火","jiuxing":"九紫火隐元"}]}]}}]}}
[2025-02-14T17:04:47.055Z] [INFO] [saveYearlyData] ✅ shichen.json 数据更新成功
[2025-02-14T17:04:47.056Z] [INFO] [fetchData] ✅ 2025-02-15 数据保存成功
[2025-02-14T17:04:47.057Z] [INFO] [fetchData] 🎉 所有数据抓取完成！
