[2025-02-09T11:38:47.446Z] [INFO] 📂 读取文件: /home/runner/work/Calendar/Calendar/data/Document/holidays.json
[2025-02-09T11:38:47.447Z] [INFO] 📂 读取文件: /home/runner/work/Calendar/Calendar/data/Document/jieqi.json
[2025-02-09T11:38:47.447Z] [INFO] 📂 读取文件: /home/runner/work/Calendar/Calendar/data/Document/astro.json
[2025-02-09T11:38:47.447Z] [INFO] 📂 读取文件: /home/runner/work/Calendar/Calendar/data/Document/calendar.json
[2025-02-09T11:38:47.447Z] [INFO] 📂 读取文件: /home/runner/work/Calendar/Calendar/data/Document/shichen.json
[2025-02-09T11:38:47.451Z] [INFO] ✅ 成功解析 JSON: /home/runner/work/Calendar/Calendar/data/Document/holidays.json, 数据量: 2
[2025-02-09T11:38:47.451Z] [INFO] ✅ 成功解析 JSON: /home/runner/work/Calendar/Calendar/data/Document/jieqi.json, 数据量: 2
[2025-02-09T11:38:47.452Z] [INFO] ✅ 成功解析 JSON: /home/runner/work/Calendar/Calendar/data/Document/astro.json, 数据量: 2
[2025-02-09T11:38:47.452Z] [INFO] ✅ 成功解析 JSON: /home/runner/work/Calendar/Calendar/data/Document/calendar.json, 数据量: 2
[2025-02-09T11:38:47.452Z] [INFO] ✅ 成功解析 JSON: /home/runner/work/Calendar/Calendar/data/Document/shichen.json, 数据量: 2
[2025-02-09T11:38:47.454Z] [INFO] ✅ 生成 ICS 文件: /home/runner/work/Calendar/Calendar/scripts/calendar.ics
[2025-02-09T11:49:41.880Z] [INFO] 📂 读取文件: /home/runner/work/Calendar/Calendar/data/Document/holidays.json
[2025-02-09T11:49:41.881Z] [INFO] 📂 读取文件: /home/runner/work/Calendar/Calendar/data/Document/jieqi.json
[2025-02-09T11:49:41.881Z] [INFO] 📂 读取文件: /home/runner/work/Calendar/Calendar/data/Document/astro.json
[2025-02-09T11:49:41.881Z] [INFO] 📂 读取文件: /home/runner/work/Calendar/Calendar/data/Document/calendar.json
[2025-02-09T11:49:41.881Z] [INFO] 📂 读取文件: /home/runner/work/Calendar/Calendar/data/Document/shichen.json
[2025-02-09T11:49:41.885Z] [INFO] ✅ 成功解析 JSON: /home/runner/work/Calendar/Calendar/data/Document/holidays.json, 数据量: 2
[2025-02-09T11:49:41.885Z] [INFO] ✅ 成功解析 JSON: /home/runner/work/Calendar/Calendar/data/Document/jieqi.json, 数据量: 2
[2025-02-09T11:49:41.885Z] [INFO] ✅ 成功解析 JSON: /home/runner/work/Calendar/Calendar/data/Document/astro.json, 数据量: 2
[2025-02-09T11:49:41.885Z] [ERROR] ❌ 缺少日期: {"errno":0,"errmsg":"","data":{"name":"水瓶座","range":"1.20-2.18","zxtd":"自由博爱","sssx":"风","zggw":"第十一宫","yysx":"阳性","zdtz":"求知","zgxx":"天王星","xyys":"古铜色","jssw":"黑珍珠","xyhm":"22","kyjs":"蛋白石","bx":"创新、时尚","yd":"求新求变，好奇心强，博爱，有远见","qd":"多变，叛逆，倔强，自我中心","jbtz":"太阳位于水瓶座的人，极富革新精神，具有独特的个性，有着超前的思想，是新思想的开拓者。聪颖脱俗，常有奇异的想法，不按牌理出牌。","jttz":"水瓶座是黄道宫上的第十一个星座，主宰星为天王星，思想前卫，有开拓精神。太阳落在水瓶座的你，是一个反习俗、不愿随声附和的人，说话和做事全凭自己的兴趣，很有自己的主张，追求独一无二的生活方式，物质享受与精神充实一样重要。个性友善博爱、有创意和远见，善于观察分析。好奇心强，但会用理智分析，常常把强烈的愿望和独立精神融合在一起。喜欢自由自在的生活，随心所欲地思考并做出决定。","xsfg":"你很有才华，喜欢创意，不喜欢一成不变的工作，重视逻辑思考的过程，在工作上常常有许多点子，也很喜欢做规划，但对结果却不太在意；在工作上也喜欢与大家分工合作，你动脑策划他人出力。","gxmd":"你需要注意的是，有时太过于执着，因而显得有点固执，容易以自我为中心；喜欢创新、体现与众不同，也容易夸大问题；太讲求客观，易给人冷漠无情的印象。","zj":"水瓶座的人很聪明，他们最大的特点是创新，追求独一无二的生活，个人主义色彩很浓重的星座。他们对人友善又注重隐私。水瓶座绝对算得上是”友谊之星“，他喜欢结交每一类朋友，但是确很难与他们交心，那需要很长的时间。他们对自己的家人就显得冷淡和疏远很多了。"}}
[2025-02-09T11:49:41.885Z] [ERROR] ❌ 缺少日期: {"errno":0,"errmsg":"","data":{"name":"水瓶座","range":"1.20-2.18","zxtd":"自由博爱","sssx":"风","zggw":"第十一宫","yysx":"阳性","zdtz":"求知","zgxx":"天王星","xyys":"古铜色","jssw":"黑珍珠","xyhm":"22","kyjs":"蛋白石","bx":"创新、时尚","yd":"求新求变，好奇心强，博爱，有远见","qd":"多变，叛逆，倔强，自我中心","jbtz":"太阳位于水瓶座的人，极富革新精神，具有独特的个性，有着超前的思想，是新思想的开拓者。聪颖脱俗，常有奇异的想法，不按牌理出牌。","jttz":"水瓶座是黄道宫上的第十一个星座，主宰星为天王星，思想前卫，有开拓精神。太阳落在水瓶座的你，是一个反习俗、不愿随声附和的人，说话和做事全凭自己的兴趣，很有自己的主张，追求独一无二的生活方式，物质享受与精神充实一样重要。个性友善博爱、有创意和远见，善于观察分析。好奇心强，但会用理智分析，常常把强烈的愿望和独立精神融合在一起。喜欢自由自在的生活，随心所欲地思考并做出决定。","xsfg":"你很有才华，喜欢创意，不喜欢一成不变的工作，重视逻辑思考的过程，在工作上常常有许多点子，也很喜欢做规划，但对结果却不太在意；在工作上也喜欢与大家分工合作，你动脑策划他人出力。","gxmd":"你需要注意的是，有时太过于执着，因而显得有点固执，容易以自我为中心；喜欢创新、体现与众不同，也容易夸大问题；太讲求客观，易给人冷漠无情的印象。","zj":"水瓶座的人很聪明，他们最大的特点是创新，追求独一无二的生活，个人主义色彩很浓重的星座。他们对人友善又注重隐私。水瓶座绝对算得上是”友谊之星“，他喜欢结交每一类朋友，但是确很难与他们交心，那需要很长的时间。他们对自己的家人就显得冷淡和疏远很多了。"}}
[2025-02-09T11:49:41.886Z] [INFO] ✅ 成功解析 JSON: /home/runner/work/Calendar/Calendar/data/Document/calendar.json, 数据量: 2
[2025-02-09T11:49:41.886Z] [ERROR] ❌ 缺少日期: {"errno":0,"errmsg":"","data":{"year":2025,"leapYear":false,"month":2,"maxDayInMonth":28,"enMonth":"February","astro":"水瓶座","cnWeek":"星期六","enWeek":"Saturday","weekInYear":6,"day":8,"dayInYear":39,"julianDay":2460714.8333333335,"hour":8,"minute":0,"second":0,"festivals":[],"lunar":{"zodiac":"蛇","year":2025,"month":1,"day":11,"cnYear":"二零二五","cnMonth":"正月","cnDay":"十一","cyclicalYear":"乙巳","cyclicalMonth":"戊寅","cyclicalDay":"戊申","hour":"辰时","maxDayInMonth":30,"leapMonth":6,"yuexiang":"宵","wuhou":"蛰虫始振","shujiu":"六九","sanfu":"","solarTerms":{}},"almanac":{"yi":"祭祀 解除 治病 破屋 坏垣 扫舍","ji":"馀事勿取","chong":"生肖冲(壬寅)虎","sha":"煞南","nayin":"大驿土","shiershen":"破神","xingxiu":"氐宿","zheng":"土","shou":"青龙","pengzubaiji":["戊不受田田主不祥","申不安床鬼祟入房"],"jishenfangwei":{"xi":"巽-东南","yanggui":"艮-东北","yingui":"坤-西南","fu":"艮-东北","cai":"坎-正北"},"liuyao":"大安","jiuxing":"九紫火隐元","taisui":"巽-东南"}}}
[2025-02-09T11:49:41.886Z] [ERROR] ❌ 缺少日期: {"errno":0,"errmsg":"","data":{"year":2025,"leapYear":false,"month":2,"maxDayInMonth":28,"enMonth":"February","astro":"水瓶座","cnWeek":"星期日","enWeek":"Sunday","weekInYear":6,"day":9,"dayInYear":40,"julianDay":2460715.8333333335,"hour":8,"minute":0,"second":0,"festivals":[],"lunar":{"zodiac":"蛇","year":2025,"month":1,"day":12,"cnYear":"二零二五","cnMonth":"正月","cnDay":"十二","cyclicalYear":"乙巳","cyclicalMonth":"戊寅","cyclicalDay":"己酉","hour":"辰时","maxDayInMonth":30,"leapMonth":6,"yuexiang":"宵","wuhou":"蛰虫始振","shujiu":"六九","sanfu":"","solarTerms":{}},"almanac":{"yi":"祭祀 祈福 求嗣 开光 出火 出行 拆卸 修造 动土 入宅 移徙 上梁 挂匾 开池 入殓 安葬 破土 启钻","ji":"嫁娶 作灶 安床","chong":"生肖冲(癸卯)兔","sha":"煞东","nayin":"大驿土","shiershen":"危神","xingxiu":"房宿","zheng":"日","shou":"青龙","pengzubaiji":["己不破券二比并亡","酉不会客醉坐颠狂"],"jishenfangwei":{"xi":"艮-东北","yanggui":"坎-正北","yingui":"坤-西南","fu":"坎-正北","cai":"坎-正北"},"liuyao":"赤口","jiuxing":"一白水天枢","taisui":"巽-东南"}}}
[2025-02-09T11:49:41.886Z] [INFO] ✅ 成功解析 JSON: /home/runner/work/Calendar/Calendar/data/Document/shichen.json, 数据量: 2
[2025-02-09T11:49:41.887Z] [INFO] 📌 事件总数: 152
[2025-02-09T11:49:41.887Z] [INFO] 📂 生成 ICS 内容:
BEGIN:VCALENDAR
VERSION:2.0
BEGIN:VEVENT
DTSTART;VALUE=DATE:20250101
SUMMARY:[休] 元旦
DESCRIPTION:类型: 休息日
END:VEVENT
BEGIN:VEVENT
DTSTART;VALUE=DATE:20250126
SUMMARY:[班] 春节
DESCRIPTION:类型: 工作日
END:VEVENT
BEGIN:VEVENT
DTSTART;VALUE=DATE:20250128
SUMMARY:[休] 春节
DESCRIPTION:类型: 休息日
END:VEVENT
BEGIN:VEVENT
DTSTART;VALUE=DATE:20250129
SUMMARY:[休] 春节
DESCRIPTION:类型: 休息日
END:VEVENT
BEGIN:VEVENT
DTSTART;VALUE=DATE:20250130
SUMMARY:[休] 春节
DESCRIPTION:类型: 休息日
END:VEVENT
BEGIN:VEVENT
DTSTART;VALUE=DATE:20250131
SUMMARY:[休] 春节
DESCRIPTION:类型: 休息日
END:VEVENT
BEGIN:VEVENT
DTSTART;VALUE=DATE:20250201
SUMMARY:[休] 春节
DESCRIPTION:类型: 休息日
END:VEVENT
BEGIN:VEVENT
DTSTART;VALUE=DATE:20250202
SUMMARY:[休] 春节
DESCRIPTION:类型: 休息日
END:VEVENT
BEGIN:VEVENT
DTSTART;VALUE=DATE:20250203
SUMMARY:[休] 春节
DESCRIPTION:类型: 休息日
END:VEVENT
BEGIN:VEVENT
DTSTART;VALUE=DATE:20250204
SUMMARY:[休] 春节
DESCRIPTION:类型: 休息日
END:VEVENT
BEGIN:VEVENT
DTSTART;VALUE=DATE:20250208
SUMMARY:[班] 春节
DESCRIPTION:类型: 工作日
END:VEVENT
BEGIN:VEVENT
DTSTART;VALUE=DATE:20250404
SUMMARY:[休] 清明节
DESCRIPTION:类型: 休息日
END:VEVENT
BEGIN:VEVENT
DTSTART;VALUE=DATE:20250405
SUMMARY:[休] 清明节
DESCRIPTION:类型: 休息日
END:VEVENT
BEGIN:VEVENT
DTSTART;VALUE=DATE:20250406
SUMMARY:[休] 清明节
DESCRIPTION:类型: 休息日
END:VEVENT
BEGIN:VEVENT
DTSTART;VALUE=DATE:20250427
SUMMARY:[班] 劳动节
DESCRIPTION:类型: 工作日
END:VEVENT
BEGIN:VEVENT
DTSTART;VALUE=DATE:20250501
SUMMARY:[休] 劳动节
DESCRIPTION:类型: 休息日
END:VEVENT
BEGIN:VEVENT
DTSTART;VALUE=DATE:20250502
SUMMARY:[休] 劳动节
DESCRIPTION:类型: 休息日
END:VEVENT
BEGIN:VEVENT
DTSTART;VALUE=DATE:20250503
SUMMARY:[休] 劳动节
DESCRIPTION:类型: 休息日
END:VEVENT
BEGIN:VEVENT
DTSTART;VALUE=DATE:20250504
SUMMARY:[休] 劳动节
DESCRIPTION:类型: 休息日
END:VEVENT
BEGIN:VEVENT
DTSTART;VALUE=DATE:20250505
SUMMARY:[休] 劳动节
DESCRIPTION:类型: 休息日
END:VEVENT
BEGIN:VEVENT
DTSTART;VALUE=DATE:20250531
SUMMARY:[休] 端午节
DESCRIPTION:类型: 休息日
END:VEVENT
BEGIN:VEVENT
DTSTART;VALUE=DATE:20250601
SUMMARY:[休] 端午节
DESCRIPTION:类型: 休息日
END:VEVENT
BEGIN:VEVENT
DTSTART;VALUE=DATE:20250602
SUMMARY:[休] 端午节
DESCRIPTION:类型: 休息日
END:VEVENT
BEGIN:VEVENT
DTSTART;VALUE=DATE:20250928
SUMMARY:[班] 国庆节、中秋节
DESCRIPTION:类型: 工作日
END:VEVENT
BEGIN:VEVENT
DTSTART;VALUE=DATE:20251001
SUMMARY:[休] 国庆节、中秋节
DESCRIPTION:类型: 休息日
END:VEVENT
BEGIN:VEVENT
DTSTART;VALUE=DATE:20251002
SUMMARY:[休] 国庆节、中秋节
DESCRIPTION:类型: 休息日
END:VEVENT
BEGIN:VEVENT
DTSTART;VALUE=DATE:20251003
SUMMARY:[休] 国庆节、中秋节
DESCRIPTION:类型: 休息日
END:VEVENT
BEGIN:VEVENT
DTSTART;VALUE=DATE:20251004
SUMMARY:[休] 国庆节、中秋节
DESCRIPTION:类型: 休息日
END:VEVENT
BEGIN:VEVENT
DTSTART;VALUE=DATE:20251005
SUMMARY:[休] 国庆节、中秋节
DESCRIPTION:类型: 休息日
END:VEVENT
BEGIN:VEVENT
DTSTART;VALUE=DATE:20251006
SUMMARY:[休] 国庆节、中秋节
DESCRIPTION:类型: 休息日
END:VEVENT
BEGIN:VEVENT
DTSTART;VALUE=DATE:20251007
SUMMARY:[休] 国庆节、中秋节
DESCRIPTION:类型: 休息日
END:VEVENT
BEGIN:VEVENT
DTSTART;VALUE=DATE:20251008
SUMMARY:[休] 国庆节、中秋节
DESCRIPTION:类型: 休息日
END:VEVENT
BEGIN:VEVENT
DTSTART;VALUE=DATE:20251011
SUMMARY:[班] 国庆节、中秋节
DESCRIPTION:类型: 工作日
END:VEVENT
BEGIN:VEVENT
DTSTART;VALUE=DATE:20250101
SUMMARY:[休] 元旦
DESCRIPTION:类型: 休息日
END:VEVENT
BEGIN:VEVENT
DTSTART;VALUE=DATE:20250126
SUMMARY:[班] 春节
DESCRIPTION:类型: 工作日
END:VEVENT
BEGIN:VEVENT
DTSTART;VALUE=DATE:20250128
SUMMARY:[休] 春节
DESCRIPTION:类型: 休息日
END:VEVENT
BEGIN:VEVENT
DTSTART;VALUE=DATE:20250129
SUMMARY:[休] 春节
DESCRIPTION:类型: 休息日
END:VEVENT
BEGIN:VEVENT
DTSTART;VALUE=DATE:20250130
SUMMARY:[休] 春节
DESCRIPTION:类型: 休息日
END:VEVENT
BEGIN:VEVENT
DTSTART;VALUE=DATE:20250131
SUMMARY:[休] 春节
DESCRIPTION:类型: 休息日
END:VEVENT
BEGIN:VEVENT
DTSTART;VALUE=DATE:20250201
SUMMARY:[休] 春节
DESCRIPTION:类型: 休息日
END:VEVENT
BEGIN:VEVENT
DTSTART;VALUE=DATE:20250202
SUMMARY:[休] 春节
DESCRIPTION:类型: 休息日
END:VEVENT
BEGIN:VEVENT
DTSTART;VALUE=DATE:20250203
SUMMARY:[休] 春节
DESCRIPTION:类型: 休息日
END:VEVENT
BEGIN:VEVENT
DTSTART;VALUE=DATE:20250204
SUMMARY:[休] 春节
DESCRIPTION:类型: 休息日
END:VEVENT
BEGIN:VEVENT
DTSTART;VALUE=DATE:20250208
SUMMARY:[班] 春节
DESCRIPTION:类型: 工作日
END:VEVENT
BEGIN:VEVENT
DTSTART;VALUE=DATE:20250404
SUMMARY:[休] 清明节
DESCRIPTION:类型: 休息日
END:VEVENT
BEGIN:VEVENT
DTSTART;VALUE=DATE:20250405
SUMMARY:[休] 清明节
DESCRIPTION:类型: 休息日
END:VEVENT
BEGIN:VEVENT
DTSTART;VALUE=DATE:20250406
SUMMARY:[休] 清明节
DESCRIPTION:类型: 休息日
END:VEVENT
BEGIN:VEVENT
DTSTART;VALUE=DATE:20250427
SUMMARY:[班] 劳动节
DESCRIPTION:类型: 工作日
END:VEVENT
BEGIN:VEVENT
DTSTART;VALUE=DATE:20250501
SUMMARY:[休] 劳动节
DESCRIPTION:类型: 休息日
END:VEVENT
BEGIN:VEVENT
DTSTART;VALUE=DATE:20250502
SUMMARY:[休] 劳动节
DESCRIPTION:类型: 休息日
END:VEVENT
BEGIN:VEVENT
DTSTART;VALUE=DATE:20250503
SUMMARY:[休] 劳动节
DESCRIPTION:类型: 休息日
END:VEVENT
BEGIN:VEVENT
DTSTART;VALUE=DATE:20250504
SUMMARY:[休] 劳动节
DESCRIPTION:类型: 休息日
END:VEVENT
BEGIN:VEVENT
DTSTART;VALUE=DATE:20250505
SUMMARY:[休] 劳动节
DESCRIPTION:类型: 休息日
END:VEVENT
BEGIN:VEVENT
DTSTART;VALUE=DATE:20250531
SUMMARY:[休] 端午节
DESCRIPTION:类型: 休息日
END:VEVENT
BEGIN:VEVENT
DTSTART;VALUE=DATE:20250601
SUMMARY:[休] 端午节
DESCRIPTION:类型: 休息日
END:VEVENT
BEGIN:VEVENT
DTSTART;VALUE=DATE:20250602
SUMMARY:[休] 端午节
DESCRIPTION:类型: 休息日
END:VEVENT
BEGIN:VEVENT
DTSTART;VALUE=DATE:20250928
SUMMARY:[班] 国庆节、中秋节
DESCRIPTION:类型: 工作日
END:VEVENT
BEGIN:VEVENT
DTSTART;VALUE=DATE:20251001
SUMMARY:[休] 国庆节、中秋节
DESCRIPTION:类型: 休息日
END:VEVENT
BEGIN:VEVENT
DTSTART;VALUE=DATE:20251002
SUMMARY:[休] 国庆节、中秋节
DESCRIPTION:类型: 休息日
END:VEVENT
BEGIN:VEVENT
DTSTART;VALUE=DATE:20251003
SUMMARY:[休] 国庆节、中秋节
DESCRIPTION:类型: 休息日
END:VEVENT
BEGIN:VEVENT
DTSTART;VALUE=DATE:20251004
SUMMARY:[休] 国庆节、中秋节
DESCRIPTION:类型: 休息日
END:VEVENT
BEGIN:VEVENT
DTSTART;VALUE=DATE:20251005
SUMMARY:[休] 国庆节、中秋节
DESCRIPTION:类型: 休息日
END:VEVENT
BEGIN:VEVENT
DTSTART;VALUE=DATE:20251006
SUMMARY:[休] 国庆节、中秋节
DESCRIPTION:类型: 休息日
END:VEVENT
BEGIN:VEVENT
DTSTART;VALUE=DATE:20251007
SUMMARY:[休] 国庆节、中秋节
DESCRIPTION:类型: 休息日
END:VEVENT
BEGIN:VEVENT
DTSTART;VALUE=DATE:20251008
SUMMARY:[休] 国庆节、中秋节
DESCRIPTION:类型: 休息日
END:VEVENT
BEGIN:VEVENT
DTSTART;VALUE=DATE:20251011
SUMMARY:[班] 国庆节、中秋节
DESCRIPTION:类型: 工作日
END:VEVENT
BEGIN:VEVENT
DTSTART;VALUE=DATE:20241206
SUMMARY:大雪
DESCRIPTION:节气: 大雪
END:VEVENT
BEGIN:VEVENT
DTSTART;VALUE=DATE:20241221
SUMMARY:冬至
DESCRIPTION:节气: 冬至
END:VEVENT
BEGIN:VEVENT
DTSTART;VALUE=DATE:20250105
SUMMARY:小寒
DESCRIPTION:节气: 小寒
END:VEVENT
BEGIN:VEVENT
DTSTART;VALUE=DATE:20250120
SUMMARY:大寒
DESCRIPTION:节气: 大寒
END:VEVENT
BEGIN:VEVENT
DTSTART;VALUE=DATE:20250203
SUMMARY:立春
DESCRIPTION:节气: 立春
END:VEVENT
BEGIN:VEVENT
DTSTART;VALUE=DATE:20250218
SUMMARY:雨水
DESCRIPTION:节气: 雨水
END:VEVENT
BEGIN:VEVENT
DTSTART;VALUE=DATE:20250305
SUMMARY:惊蛰
DESCRIPTION:节气: 惊蛰
END:VEVENT
BEGIN:VEVENT
DTSTART;VALUE=DATE:20250320
SUMMARY:春分
DESCRIPTION:节气: 春分
END:VEVENT
BEGIN:VEVENT
DTSTART;VALUE=DATE:20250404
SUMMARY:清明
DESCRIPTION:节气: 清明
END:VEVENT
BEGIN:VEVENT
DTSTART;VALUE=DATE:20250420
SUMMARY:谷雨
DESCRIPTION:节气: 谷雨
END:VEVENT
BEGIN:VEVENT
DTSTART;VALUE=DATE:20250505
SUMMARY:立夏
DESCRIPTION:节气: 立夏
END:VEVENT
BEGIN:VEVENT
DTSTART;VALUE=DATE:20250521
SUMMARY:小满
DESCRIPTION:节气: 小满
END:VEVENT
BEGIN:VEVENT
DTSTART;VALUE=DATE:20250605
SUMMARY:芒种
DESCRIPTION:节气: 芒种
END:VEVENT
BEGIN:VEVENT
DTSTART;VALUE=DATE:20250621
SUMMARY:夏至
DESCRIPTION:节气: 夏至
END:VEVENT
BEGIN:VEVENT
DTSTART;VALUE=DATE:20250707
SUMMARY:小暑
DESCRIPTION:节气: 小暑
END:VEVENT
BEGIN:VEVENT
DTSTART;VALUE=DATE:20250722
SUMMARY:大暑
DESCRIPTION:节气: 大暑
END:VEVENT
BEGIN:VEVENT
DTSTART;VALUE=DATE:20250807
SUMMARY:立秋
DESCRIPTION:节气: 立秋
END:VEVENT
BEGIN:VEVENT
DTSTART;VALUE=DATE:20250823
SUMMARY:处暑
DESCRIPTION:节气: 处暑
END:VEVENT
BEGIN:VEVENT
DTSTART;VALUE=DATE:20250907
SUMMARY:白露
DESCRIPTION:节气: 白露
END:VEVENT
BEGIN:VEVENT
DTSTART;VALUE=DATE:20250923
SUMMARY:秋分
DESCRIPTION:节气: 秋分
END:VEVENT
BEGIN:VEVENT
DTSTART;VALUE=DATE:20251008
SUMMARY:寒露
DESCRIPTION:节气: 寒露
END:VEVENT
BEGIN:VEVENT
DTSTART;VALUE=DATE:20251023
SUMMARY:霜降
DESCRIPTION:节气: 霜降
END:VEVENT
BEGIN:VEVENT
DTSTART;VALUE=DATE:20251107
SUMMARY:立冬
DESCRIPTION:节气: 立冬
END:VEVENT
BEGIN:VEVENT
DTSTART;VALUE=DATE:20251122
SUMMARY:小雪
DESCRIPTION:节气: 小雪
END:VEVENT
BEGIN:VEVENT
DTSTART;VALUE=DATE:20251207
SUMMARY:大雪
DESCRIPTION:节气: 大雪
END:VEVENT
BEGIN:VEVENT
DTSTART;VALUE=DATE:20251221
SUMMARY:冬至
DESCRIPTION:节气: 冬至
END:VEVENT
BEGIN:VEVENT
DTSTART;VALUE=DATE:20260105
SUMMARY:小寒
DESCRIPTION:节气: 小寒
END:VEVENT
BEGIN:VEVENT
DTSTART;VALUE=DATE:20260120
SUMMARY:大寒
DESCRIPTION:节气: 大寒
END:VEVENT
BEGIN:VEVENT
DTSTART;VALUE=DATE:20260204
SUMMARY:LI_CHUN
DESCRIPTION:节气: LI_CHUN
END:VEVENT
BEGIN:VEVENT
DTSTART;VALUE=DATE:20260218
SUMMARY:YU_SHUI
DESCRIPTION:节气: YU_SHUI
END:VEVENT
BEGIN:VEVENT
DTSTART;VALUE=DATE:20260305
SUMMARY:JING_ZHE
DESCRIPTION:节气: JING_ZHE
END:VEVENT
BEGIN:VEVENT
DTSTART;VALUE=DATE:20241206
SUMMARY:大雪
DESCRIPTION:节气: 大雪
END:VEVENT
BEGIN:VEVENT
DTSTART;VALUE=DATE:20241221
SUMMARY:冬至
DESCRIPTION:节气: 冬至
END:VEVENT
BEGIN:VEVENT
DTSTART;VALUE=DATE:20250105
SUMMARY:小寒
DESCRIPTION:节气: 小寒
END:VEVENT
BEGIN:VEVENT
DTSTART;VALUE=DATE:20250120
SUMMARY:大寒
DESCRIPTION:节气: 大寒
END:VEVENT
BEGIN:VEVENT
DTSTART;VALUE=DATE:20250203
SUMMARY:立春
DESCRIPTION:节气: 立春
END:VEVENT
BEGIN:VEVENT
DTSTART;VALUE=DATE:20250218
SUMMARY:雨水
DESCRIPTION:节气: 雨水
END:VEVENT
BEGIN:VEVENT
DTSTART;VALUE=DATE:20250305
SUMMARY:惊蛰
DESCRIPTION:节气: 惊蛰
END:VEVENT
BEGIN:VEVENT
DTSTART;VALUE=DATE:20250320
SUMMARY:春分
DESCRIPTION:节气: 春分
END:VEVENT
BEGIN:VEVENT
DTSTART;VALUE=DATE:20250404
SUMMARY:清明
DESCRIPTION:节气: 清明
END:VEVENT
BEGIN:VEVENT
DTSTART;VALUE=DATE:20250420
SUMMARY:谷雨
DESCRIPTION:节气: 谷雨
END:VEVENT
BEGIN:VEVENT
DTSTART;VALUE=DATE:20250505
SUMMARY:立夏
DESCRIPTION:节气: 立夏
END:VEVENT
BEGIN:VEVENT
DTSTART;VALUE=DATE:20250521
SUMMARY:小满
DESCRIPTION:节气: 小满
END:VEVENT
BEGIN:VEVENT
DTSTART;VALUE=DATE:20250605
SUMMARY:芒种
DESCRIPTION:节气: 芒种
END:VEVENT
BEGIN:VEVENT
DTSTART;VALUE=DATE:20250621
SUMMARY:夏至
DESCRIPTION:节气: 夏至
END:VEVENT
BEGIN:VEVENT
DTSTART;VALUE=DATE:20250707
SUMMARY:小暑
DESCRIPTION:节气: 小暑
END:VEVENT
BEGIN:VEVENT
DTSTART;VALUE=DATE:20250722
SUMMARY:大暑
DESCRIPTION:节气: 大暑
END:VEVENT
BEGIN:VEVENT
DTSTART;VALUE=DATE:20250807
SUMMARY:立秋
DESCRIPTION:节气: 立秋
END:VEVENT
BEGIN:VEVENT
DTSTART;VALUE=DATE:20250823
SUMMARY:处暑
DESCRIPTION:节气: 处暑
END:VEVENT
BEGIN:VEVENT
DTSTART;VALUE=DATE:20250907
SUMMARY:白露
DESCRIPTION:节气: 白露
END:VEVENT
BEGIN:VEVENT
DTSTART;VALUE=DATE:20250923
SUMMARY:秋分
DESCRIPTION:节气: 秋分
END:VEVENT
BEGIN:VEVENT
DTSTART;VALUE=DATE:20251008
SUMMARY:寒露
DESCRIPTION:节气: 寒露
END:VEVENT
BEGIN:VEVENT
DTSTART;VALUE=DATE:20251023
SUMMARY:霜降
DESCRIPTION:节气: 霜降
END:VEVENT
BEGIN:VEVENT
DTSTART;VALUE=DATE:20251107
SUMMARY:立冬
DESCRIPTION:节气: 立冬
END:VEVENT
BEGIN:VEVENT
DTSTART;VALUE=DATE:20251122
SUMMARY:小雪
DESCRIPTION:节气: 小雪
END:VEVENT
BEGIN:VEVENT
DTSTART;VALUE=DATE:20251207
SUMMARY:大雪
DESCRIPTION:节气: 大雪
END:VEVENT
BEGIN:VEVENT
DTSTART;VALUE=DATE:20251221
SUMMARY:冬至
DESCRIPTION:节气: 冬至
END:VEVENT
BEGIN:VEVENT
DTSTART;VALUE=DATE:20260105
SUMMARY:小寒
DESCRIPTION:节气: 小寒
END:VEVENT
BEGIN:VEVENT
DTSTART;VALUE=DATE:20260120
SUMMARY:大寒
DESCRIPTION:节气: 大寒
END:VEVENT
BEGIN:VEVENT
DTSTART;VALUE=DATE:20260204
SUMMARY:LI_CHUN
DESCRIPTION:节气: LI_CHUN
END:VEVENT
BEGIN:VEVENT
DTSTART;VALUE=DATE:20260218
SUMMARY:YU_SHUI
DESCRIPTION:节气: YU_SHUI
END:VEVENT
BEGIN:VEVENT
DTSTART;VALUE=DATE:20260305
SUMMARY:JING_ZHE
DESCRIPTION:节气: JING_ZHE
END:VEVENT
BEGIN:VEVENT
DTSTART;VALUE=DATE:202528
SUMMARY:子时
DESCRIPTION:2025-2-8 23:00-00:59 | 无 | 诸事不宜
END:VEVENT
BEGIN:VEVENT
DTSTART;VALUE=DATE:202528
SUMMARY:丑时
DESCRIPTION:2025-2-8 01:00-02:59 | 祭祀 祈福 斋醮 酬神 修造 作灶 | 无
END:VEVENT
BEGIN:VEVENT
DTSTART;VALUE=DATE:202528
SUMMARY:寅时
DESCRIPTION:2025-2-8 03:00-04:59 | 求嗣 订婚 嫁娶 出行 求财 开市 交易 安床 | 祭祀 祈福 斋醮 酬神 修造 动土
END:VEVENT
BEGIN:VEVENT
DTSTART;VALUE=DATE:202528
SUMMARY:卯时
DESCRIPTION:2025-2-8 05:00-06:59 | 修造 盖屋 移徙 安床 入宅 开市 开仓 祈福 求嗣 订婚 嫁娶 赴任 出行 见贵 | 无
END:VEVENT
BEGIN:VEVENT
DTSTART;VALUE=DATE:202528
SUMMARY:辰时
DESCRIPTION:2025-2-8 07:00-08:59 | 求嗣 订婚 嫁娶 安葬 入宅 修造 | 赴任 出行 祭祀 祈福 斋醮 开光
END:VEVENT
BEGIN:VEVENT
DTSTART;VALUE=DATE:202528
SUMMARY:巳时
DESCRIPTION:2025-2-8 09:00-10:59 | 赴任 出行 求财 见贵 订婚 嫁娶 入宅 开市 安葬 | 祭祀 祈福 斋醮 酬神
END:VEVENT
BEGIN:VEVENT
DTSTART;VALUE=DATE:202528
SUMMARY:午时
DESCRIPTION:2025-2-8 11:00-12:59 | 求嗣 嫁娶 移徙 入宅 开市 交易 修造 安葬 祈福 作灶 祭祀 | 造桥 乘船
END:VEVENT
BEGIN:VEVENT
DTSTART;VALUE=DATE:202528
SUMMARY:未时
DESCRIPTION:2025-2-8 13:00-14:59 | 祈福 求嗣 订婚 嫁娶 求财 开市 交易 安床 | 赴任 出行 修造
END:VEVENT
BEGIN:VEVENT
DTSTART;VALUE=DATE:202528
SUMMARY:申时
DESCRIPTION:2025-2-8 15:00-16:59 | 祈福 求嗣 订婚 嫁娶 出行 求财 开市 交易 安床 赴任 | 上梁 盖屋 入殓
END:VEVENT
BEGIN:VEVENT
DTSTART;VALUE=DATE:202528
SUMMARY:酉时
DESCRIPTION:2025-2-8 17:00-18:59 | 祭祀 祈福 酬神 出行 求财 见贵 订婚 嫁娶 修造 安葬 赴任 | 无
END:VEVENT
BEGIN:VEVENT
DTSTART;VALUE=DATE:202528
SUMMARY:戌时
DESCRIPTION:2025-2-8 19:00-20:59 | 订婚 嫁娶 出行 求财 开市 交易 安床 赴任 见贵 | 祈福 求嗣 乘船
END:VEVENT
BEGIN:VEVENT
DTSTART;VALUE=DATE:202528
SUMMARY:亥时
DESCRIPTION:2025-2-8 21:00-22:59 | 祈福 求嗣 出行 求财 嫁娶 赴任 见贵 | 开光 修造 安葬
END:VEVENT
BEGIN:VEVENT
DTSTART;VALUE=DATE:202529
SUMMARY:子时
DESCRIPTION:2025-2-9 23:00-00:59 | 无 | 赴任 词讼 修造 动土
END:VEVENT
BEGIN:VEVENT
DTSTART;VALUE=DATE:202529
SUMMARY:丑时
DESCRIPTION:2025-2-9 01:00-02:59 | 无 | 诸事不宜
END:VEVENT
BEGIN:VEVENT
DTSTART;VALUE=DATE:202529
SUMMARY:寅时
DESCRIPTION:2025-2-9 03:00-04:59 | 无 | 祭祀 祈福 斋醮 开光 赴任 出行
END:VEVENT
BEGIN:VEVENT
DTSTART;VALUE=DATE:202529
SUMMARY:卯时
DESCRIPTION:2025-2-9 05:00-06:59 | 求嗣 订婚 嫁娶 求财 开市 交易 安床 | 祭祀 祈福 斋醮 开光 赴任 出行
END:VEVENT
BEGIN:VEVENT
DTSTART;VALUE=DATE:202529
SUMMARY:辰时
DESCRIPTION:2025-2-9 07:00-08:59 | 祈福 求嗣 订婚 嫁娶 修造 入宅 开市 交易 安葬 | 赴任 出行
END:VEVENT
BEGIN:VEVENT
DTSTART;VALUE=DATE:202529
SUMMARY:巳时
DESCRIPTION:2025-2-9 09:00-10:59 | 修造 盖屋 移徙 安床 入宅 开市 开仓 求嗣 嫁娶 赴任 出行 见贵 求财 | 无
END:VEVENT
BEGIN:VEVENT
DTSTART;VALUE=DATE:202529
SUMMARY:午时
DESCRIPTION:2025-2-9 11:00-12:59 | 求嗣 订婚 嫁娶 出行 求财 开市 交易 安床 赴任 | 上梁 盖屋 入殓 祭祀 祈福 斋醮 酬神
END:VEVENT
BEGIN:VEVENT
DTSTART;VALUE=DATE:202529
SUMMARY:未时
DESCRIPTION:2025-2-9 13:00-14:59 | 见贵 求财 嫁娶 进人口 移徙 安葬 | 赴任 出行 修造 动土
END:VEVENT
BEGIN:VEVENT
DTSTART;VALUE=DATE:202529
SUMMARY:申时
DESCRIPTION:2025-2-9 15:00-16:59 | 赴任 见贵 出行 求财 嫁娶 进人口 移徙 安葬 订婚 作灶 祭祀 | 祈福 求嗣
END:VEVENT
BEGIN:VEVENT
DTSTART;VALUE=DATE:202529
SUMMARY:酉时
DESCRIPTION:2025-2-9 17:00-18:59 | 祭祀 祈福 酬神 出行 求财 见贵 订婚 嫁娶 修造 安葬 求嗣 | 无
END:VEVENT
BEGIN:VEVENT
DTSTART;VALUE=DATE:202529
SUMMARY:戌时
DESCRIPTION:2025-2-9 19:00-20:59 | 祈福 订婚 嫁娶 安床 移徙 入宅 安葬 | 赴任 出行 修造 动土
END:VEVENT
BEGIN:VEVENT
DTSTART;VALUE=DATE:202529
SUMMARY:亥时
DESCRIPTION:2025-2-9 21:00-22:59 | 赴任 出行 求财 见贵 祭祀 祈福 酬神 修造 盖屋 移徙 作灶 安床 入宅 开市 | 无
END:VEVENT
END:VCALENDAR
[2025-02-09T11:49:41.889Z] [INFO] ✅ ICS 文件生成成功: /home/runner/work/Calendar/Calendar/scripts/calendar.ics
