[2025-02-11 21:30:02] 🚀 开始数据抓取...
[2025-02-11 21:30:02] ⏩ 跳过 2025-02-10，数据已存在
[2025-02-11 21:30:02] ⏩ 跳过 2025-02-11，数据已存在
[2025-02-11 21:30:02] 🎉 所有数据抓取完成！
[2025-02-11 21:44:25] 🚀 开始数据抓取...
[2025-02-11 21:44:25] ⏩ 跳过 2025-02-10，数据已存在
[2025-02-11 21:44:25] ⏩ 跳过 2025-02-11，数据已存在
[2025-02-11 21:44:25] 🎉 所有数据抓取完成！
[2025-02-11 21:58:42] 🚀 开始数据抓取...
[2025-02-11 21:58:42] ⏩ 跳过 2025-02-10，数据已存在
[2025-02-11 21:58:42] ⏩ 跳过 2025-02-11，数据已存在
[2025-02-11 21:58:42] 🎉 所有数据抓取完成！
[2025-02-11 22:13:53] 🚀 开始数据抓取...
[2025-02-11 22:13:53] ⏩ 跳过 2025-02-10，数据已存在
[2025-02-11 22:13:53] ⏩ 跳过 2025-02-11，数据已存在
[2025-02-11 22:13:53] 🎉 所有数据抓取完成！
[2025-02-11 22:40:37] 🚀 开始数据抓取...
[2025-02-11 22:40:37] 📅 处理日期: 2025-02-10
[2025-02-11 22:40:37] ✅ API 请求成功: https://api.jiejiariapi.com/v1/holidays/2025
[2025-02-11 22:40:38] ✅ API 请求成功: https://api.timelessq.com/time/astro
[2025-02-11 22:40:38] ✅ API 请求成功: https://api.timelessq.com/time
[2025-02-11 22:40:38] ✅ API 请求成功: https://api.timelessq.com/time/shichen
[2025-02-11 22:40:39] ✅ API 请求成功: https://api.timelessq.com/time/jieqi
[2025-02-11 22:40:39] ✅ calendar.json 保存成功: 2 条记录
[2025-02-11 22:40:39] ✅ astro.json 保存成功: 2 条记录
[2025-02-11 22:40:39] ✅ shichen.json 保存成功: 2 条记录
[2025-02-11 22:40:39] ✅ jieqi.json 保存成功: 2 条记录
[2025-02-11 22:40:39] ✅ holidays.json 保存成功: 2 条记录
[2025-02-11 22:40:39] ✅ 2025-02-10 数据保存成功
[2025-02-11 22:40:39] 📅 处理日期: 2025-02-11
[2025-02-11 22:40:39] ✅ API 请求成功: https://api.jiejiariapi.com/v1/holidays/2025
[2025-02-11 22:40:39] ✅ API 请求成功: https://api.timelessq.com/time/jieqi
[2025-02-11 22:40:39] ✅ API 请求成功: https://api.timelessq.com/time/astro
[2025-02-11 22:40:39] ✅ API 请求成功: https://api.timelessq.com/time/shichen
[2025-02-11 22:40:39] ✅ API 请求成功: https://api.timelessq.com/time
[2025-02-11 22:40:39] ✅ calendar.json 保存成功: 2 条记录
[2025-02-11 22:40:39] ✅ astro.json 保存成功: 2 条记录
[2025-02-11 22:40:39] ✅ shichen.json 保存成功: 2 条记录
[2025-02-11 22:40:39] ✅ jieqi.json 保存成功: 2 条记录
[2025-02-11 22:40:39] ✅ holidays.json 保存成功: 2 条记录
[2025-02-11 22:40:39] ✅ 2025-02-11 数据保存成功
[2025-02-11 22:40:39] 🎉 所有数据抓取完成！
